2024-11-11 18:53:07.245 INFO  [bfsm,org.springframework.boot.StartupInfoLogger, logStarting, StartupInfoLogger.java:50] br.com.bfsm.BfsmApplication - Starting BfsmApplication using Java 17.0.11 with PID 10280 (C:\Users\goliveic\OneDrive - NTT DATA EMEAL\Java Intermediate\bfsm\bfsm\target\classes started by goliveic in C:\Users\goliveic\OneDrive - NTT DATA EMEAL\Java Intermediate\bfsm\bfsm)
2024-11-11 18:53:07.268 INFO  [bfsm,org.springframework.boot.SpringApplication, logStartupProfileInfo, SpringApplication.java:654] br.com.bfsm.BfsmApplication - No active profile set, falling back to 1 default profile: "default"
2024-11-11 18:53:07.352 INFO  [bfsm,org.springframework.boot.logging.DeferredLog, logTo, DeferredLog.java:252] o.s.b.d.e.DevToolsPropertyDefaultsPostProcessor - Devtools property defaults active! Set 'spring.devtools.add-properties' to 'false' to disable
2024-11-11 18:53:07.354 INFO  [bfsm,org.springframework.boot.logging.DeferredLog, logTo, DeferredLog.java:252] o.s.b.d.e.DevToolsPropertyDefaultsPostProcessor - For additional web related logging consider setting the 'logging.level.web' property to 'DEBUG'
2024-11-11 18:53:08.665 INFO  [bfsm,org.springframework.data.repository.config.RepositoryConfigurationDelegate, registerRepositoriesIn, RepositoryConfigurationDelegate.java:143] o.s.d.r.c.RepositoryConfigurationDelegate - Bootstrapping Spring Data JPA repositories in DEFAULT mode.
2024-11-11 18:53:08.740 INFO  [bfsm,org.springframework.data.repository.config.RepositoryConfigurationDelegate, registerRepositoriesIn, RepositoryConfigurationDelegate.java:211] o.s.d.r.c.RepositoryConfigurationDelegate - Finished Spring Data repository scanning in 64 ms. Found 4 JPA repository interfaces.
2024-11-11 18:53:09.319 INFO  [bfsm,org.springframework.boot.web.embedded.tomcat.TomcatWebServer, initialize, TomcatWebServer.java:111] o.s.b.w.e.tomcat.TomcatWebServer - Tomcat initialized with port 8080 (http)
2024-11-11 18:53:09.384 INFO  [bfsm,org.springframework.boot.web.servlet.context.ServletWebServerApplicationContext, prepareWebApplicationContext, ServletWebServerApplicationContext.java:296] o.s.b.w.s.c.ServletWebServerApplicationContext - Root WebApplicationContext: initialization completed in 2029 ms
2024-11-11 18:53:10.138 INFO  [bfsm,org.flywaydb.core.internal.logging.slf4j.Slf4jLog, info, Slf4jLog.java:37] org.flywaydb.core.FlywayExecutor - Database: jdbc:mysql://localhost:3306/bank (MySQL 8.0)
2024-11-11 18:53:10.259 INFO  [bfsm,org.flywaydb.core.internal.logging.slf4j.Slf4jLog, info, Slf4jLog.java:37] o.f.core.internal.command.DbValidate - Successfully validated 8 migrations (execution time 00:00.072s)
2024-11-11 18:53:10.274 INFO  [bfsm,org.flywaydb.core.internal.logging.slf4j.Slf4jLog, info, Slf4jLog.java:37] o.f.core.internal.command.DbMigrate - Current version of schema `bank`: 8
2024-11-11 18:53:10.278 INFO  [bfsm,org.flywaydb.core.internal.logging.slf4j.Slf4jLog, info, Slf4jLog.java:37] o.f.core.internal.command.DbMigrate - Schema `bank` is up to date. No migration necessary.
2024-11-11 18:53:10.370 INFO  [bfsm,org.hibernate.jpa.internal.util.LogHelper, logPersistenceUnitInformation, LogHelper.java:31] o.h.jpa.internal.util.LogHelper - HHH000204: Processing PersistenceUnitInfo [name: default]
2024-11-11 18:53:10.456 INFO  [bfsm,org.hibernate.Version, logVersion, Version.java:44] org.hibernate.Version - HHH000412: Hibernate ORM core version 6.5.2.Final
2024-11-11 18:53:10.505 INFO  [bfsm,org.hibernate.cache.internal.RegionFactoryInitiator, initiateService, RegionFactoryInitiator.java:50] o.h.c.i.RegionFactoryInitiator - HHH000026: Second-level cache disabled
2024-11-11 18:53:10.815 INFO  [bfsm,org.springframework.orm.jpa.persistenceunit.SpringPersistenceUnitInfo, addTransformer, SpringPersistenceUnitInfo.java:87] o.s.o.j.p.SpringPersistenceUnitInfo - No LoadTimeWeaver setup: ignoring JPA class transformer
2024-11-11 18:53:11.903 INFO  [bfsm,org.hibernate.engine.transaction.jta.platform.internal.JtaPlatformInitiator, initiateService, JtaPlatformInitiator.java:59] o.h.e.t.j.p.i.JtaPlatformInitiator - HHH000489: No JTA platform available (set 'hibernate.transaction.jta.platform' to enable JTA platform integration)
2024-11-11 18:53:11.906 INFO  [bfsm,org.springframework.orm.jpa.AbstractEntityManagerFactoryBean, buildNativeEntityManagerFactory, AbstractEntityManagerFactoryBean.java:437] o.s.o.j.LocalContainerEntityManagerFactoryBean - Initialized JPA EntityManagerFactory for persistence unit 'default'
2024-11-11 18:53:12.212 INFO  [bfsm,org.springframework.security.config.annotation.authentication.configuration.InitializeUserDetailsBeanManagerConfigurer$InitializeUserDetailsManagerConfigurer, configure, InitializeUserDetailsBeanManagerConfigurer.java:113] o.s.s.c.a.a.c.InitializeUserDetailsBeanManagerConfigurer$InitializeUserDetailsManagerConfigurer - Global AuthenticationManager configured with UserDetailsService bean with name autenticacaoService
2024-11-11 18:53:12.246 INFO  [bfsm,org.springframework.data.jpa.repository.query.QueryEnhancerFactory, <clinit>, QueryEnhancerFactory.java:49] o.s.d.j.r.query.QueryEnhancerFactory - Hibernate is in classpath; If applicable, HQL parser will be used.
2024-11-11 18:53:12.619 WARN  [bfsm,org.springframework.boot.autoconfigure.orm.jpa.JpaBaseConfiguration$JpaWebConfiguration, openEntityManagerInViewInterceptor, JpaBaseConfiguration.java:236] o.s.b.a.o.j.JpaBaseConfiguration$JpaWebConfiguration - spring.jpa.open-in-view is enabled by default. Therefore, database queries may be performed during view rendering. Explicitly configure spring.jpa.open-in-view to disable this warning
2024-11-11 18:53:13.324 INFO  [bfsm,org.springframework.boot.devtools.autoconfigure.OptionalLiveReloadServer, startServer, OptionalLiveReloadServer.java:59] o.s.b.d.a.OptionalLiveReloadServer - LiveReload server is running on port 35729
2024-11-11 18:53:13.363 INFO  [bfsm,org.springframework.boot.web.embedded.tomcat.TomcatWebServer, start, TomcatWebServer.java:243] o.s.b.w.e.tomcat.TomcatWebServer - Tomcat started on port 8080 (http) with context path '/'
2024-11-11 18:53:13.374 INFO  [bfsm,org.springframework.boot.StartupInfoLogger, logStarted, StartupInfoLogger.java:56] br.com.bfsm.BfsmApplication - Started BfsmApplication in 6.738 seconds (process running for 7.77)
2024-11-11 18:58:44.550 INFO  [bfsm,org.springframework.web.servlet.FrameworkServlet, initServletBean, FrameworkServlet.java:532] o.s.web.servlet.DispatcherServlet - Initializing Servlet 'dispatcherServlet'
2024-11-11 18:58:44.557 INFO  [bfsm,org.springframework.web.servlet.FrameworkServlet, initServletBean, FrameworkServlet.java:554] o.s.web.servlet.DispatcherServlet - Completed initialization in 3 ms
2024-11-11 18:58:45.659 INFO  [bfsm,org.springdoc.api.AbstractOpenApiResource, getOpenApi, AbstractOpenApiResource.java:371] o.s.api.AbstractOpenApiResource - Init duration for springdoc-openapi is: 561 ms
2024-11-11 19:01:11.310 INFO  [bfsm,br.com.bfsm.infra.security.TokenService, gerarToken, TokenService.java:38] b.c.bfsm.infra.security.TokenService - Token gerado com sucesso 
2024-11-11 19:01:24.347 INFO  [bfsm,br.com.bfsm.controller.MovimentacaoController, buscar, MovimentacaoController.java:88] b.c.b.c.MovimentacaoController - Iniciando busca do id: [id] 2
2024-11-11 19:01:24.418 INFO  [bfsm,br.com.bfsm.controller.MovimentacaoController, buscar, MovimentacaoController.java:93] b.c.b.c.MovimentacaoController - O id: [id] 2 foi localizado
