2024-10-09 18:34:52.355 INFO  [bfsm,org.springframework.boot.devtools.autoconfigure.LocalDevToolsAutoConfiguration$RestartingClassPathChangeChangedEventListener, onApplicationEvent, LocalDevToolsAutoConfiguration.java:211] o.s.b.d.a.LocalDevToolsAutoConfiguration$RestartingClassPathChangeChangedEventListener - Restarting due to 1 class path change (0 additions, 0 deletions, 1 modification)
2024-10-09 18:34:53.182 INFO  [bfsm,org.springframework.orm.jpa.AbstractEntityManagerFactoryBean, destroy, AbstractEntityManagerFactoryBean.java:650] o.s.o.j.LocalContainerEntityManagerFactoryBean - Closing JPA EntityManagerFactory for persistence unit 'default'
2024-10-09 18:34:53.446 INFO  [bfsm,org.springframework.boot.StartupInfoLogger, logStarting, StartupInfoLogger.java:50] br.com.bfsm.BfsmApplication - Starting BfsmApplication using Java 17.0.11 with PID 15904 (C:\Users\goliveic\OneDrive - NTT DATA EMEAL\Java Intermediate\bfsm\bfsm\target\classes started by goliveic in C:\Users\goliveic\OneDrive - NTT DATA EMEAL\Java Intermediate\bfsm\bfsm)
2024-10-09 18:34:53.448 INFO  [bfsm,org.springframework.boot.SpringApplication, logStartupProfileInfo, SpringApplication.java:654] br.com.bfsm.BfsmApplication - No active profile set, falling back to 1 default profile: "default"
2024-10-09 18:34:53.797 INFO  [bfsm,org.springframework.data.repository.config.RepositoryConfigurationDelegate, registerRepositoriesIn, RepositoryConfigurationDelegate.java:143] o.s.d.r.c.RepositoryConfigurationDelegate - Bootstrapping Spring Data JPA repositories in DEFAULT mode.
2024-10-09 18:34:53.819 INFO  [bfsm,org.springframework.data.repository.config.RepositoryConfigurationDelegate, registerRepositoriesIn, RepositoryConfigurationDelegate.java:211] o.s.d.r.c.RepositoryConfigurationDelegate - Finished Spring Data repository scanning in 20 ms. Found 3 JPA repository interfaces.
2024-10-09 18:34:54.816 INFO  [bfsm,org.springframework.boot.web.embedded.tomcat.TomcatWebServer, initialize, TomcatWebServer.java:111] o.s.b.w.e.tomcat.TomcatWebServer - Tomcat initialized with port 8080 (http)
2024-10-09 18:34:54.843 INFO  [bfsm,org.springframework.boot.web.servlet.context.ServletWebServerApplicationContext, prepareWebApplicationContext, ServletWebServerApplicationContext.java:296] o.s.b.w.s.c.ServletWebServerApplicationContext - Root WebApplicationContext: initialization completed in 1390 ms
2024-10-09 18:34:54.927 INFO  [bfsm,org.flywaydb.core.internal.logging.slf4j.Slf4jLog, info, Slf4jLog.java:37] org.flywaydb.core.FlywayExecutor - Database: jdbc:mysql://localhost:3306/bank (MySQL 8.0)
2024-10-09 18:34:54.965 INFO  [bfsm,org.flywaydb.core.internal.logging.slf4j.Slf4jLog, info, Slf4jLog.java:37] o.f.core.internal.command.DbValidate - Successfully validated 6 migrations (execution time 00:00.021s)
2024-10-09 18:34:54.977 INFO  [bfsm,org.flywaydb.core.internal.logging.slf4j.Slf4jLog, info, Slf4jLog.java:37] o.f.core.internal.command.DbMigrate - Current version of schema `bank`: 5
2024-10-09 18:34:54.978 INFO  [bfsm,org.flywaydb.core.internal.logging.slf4j.Slf4jLog, info, Slf4jLog.java:37] o.f.core.internal.command.DbMigrate - Schema `bank` is up to date. No migration necessary.
2024-10-09 18:34:55.010 INFO  [bfsm,org.hibernate.jpa.internal.util.LogHelper, logPersistenceUnitInformation, LogHelper.java:31] o.h.jpa.internal.util.LogHelper - HHH000204: Processing PersistenceUnitInfo [name: default]
2024-10-09 18:34:55.015 INFO  [bfsm,org.hibernate.cache.internal.RegionFactoryInitiator, initiateService, RegionFactoryInitiator.java:50] o.h.c.i.RegionFactoryInitiator - HHH000026: Second-level cache disabled
2024-10-09 18:34:55.036 INFO  [bfsm,org.springframework.orm.jpa.persistenceunit.SpringPersistenceUnitInfo, addTransformer, SpringPersistenceUnitInfo.java:87] o.s.o.j.p.SpringPersistenceUnitInfo - No LoadTimeWeaver setup: ignoring JPA class transformer
2024-10-09 18:34:55.180 INFO  [bfsm,org.hibernate.engine.transaction.jta.platform.internal.JtaPlatformInitiator, initiateService, JtaPlatformInitiator.java:59] o.h.e.t.j.p.i.JtaPlatformInitiator - HHH000489: No JTA platform available (set 'hibernate.transaction.jta.platform' to enable JTA platform integration)
2024-10-09 18:34:55.180 INFO  [bfsm,org.springframework.orm.jpa.AbstractEntityManagerFactoryBean, buildNativeEntityManagerFactory, AbstractEntityManagerFactoryBean.java:437] o.s.o.j.LocalContainerEntityManagerFactoryBean - Initialized JPA EntityManagerFactory for persistence unit 'default'
2024-10-09 18:34:55.235 INFO  [bfsm,org.springframework.security.config.annotation.authentication.configuration.InitializeUserDetailsBeanManagerConfigurer$InitializeUserDetailsManagerConfigurer, configure, InitializeUserDetailsBeanManagerConfigurer.java:113] o.s.s.c.a.a.c.InitializeUserDetailsBeanManagerConfigurer$InitializeUserDetailsManagerConfigurer - Global AuthenticationManager configured with UserDetailsService bean with name autenticacaoService
2024-10-09 18:34:55.568 WARN  [bfsm,org.springframework.boot.autoconfigure.orm.jpa.JpaBaseConfiguration$JpaWebConfiguration, openEntityManagerInViewInterceptor, JpaBaseConfiguration.java:236] o.s.b.a.o.j.JpaBaseConfiguration$JpaWebConfiguration - spring.jpa.open-in-view is enabled by default. Therefore, database queries may be performed during view rendering. Explicitly configure spring.jpa.open-in-view to disable this warning
2024-10-09 18:34:55.692 INFO  [bfsm,org.springframework.boot.devtools.autoconfigure.OptionalLiveReloadServer, startServer, OptionalLiveReloadServer.java:59] o.s.b.d.a.OptionalLiveReloadServer - LiveReload server is running on port 35729
2024-10-09 18:34:55.704 INFO  [bfsm,org.springframework.boot.web.embedded.tomcat.TomcatWebServer, start, TomcatWebServer.java:243] o.s.b.w.e.tomcat.TomcatWebServer - Tomcat started on port 8080 (http) with context path '/'
2024-10-09 18:34:55.711 INFO  [bfsm,org.springframework.boot.StartupInfoLogger, logStarted, StartupInfoLogger.java:56] br.com.bfsm.BfsmApplication - Started BfsmApplication in 2.345 seconds (process running for 119206.72)
2024-10-09 18:34:55.714 INFO  [bfsm,org.springframework.boot.devtools.autoconfigure.ConditionEvaluationDeltaLoggingListener, onApplicationEvent, ConditionEvaluationDeltaLoggingListener.java:63] o.s.b.d.a.ConditionEvaluationDeltaLoggingListener - Condition evaluation unchanged
2024-10-09 18:34:58.065 INFO  [bfsm,org.springframework.boot.admin.SpringApplicationAdminMXBeanRegistrar$SpringApplicationAdmin, shutdown, SpringApplicationAdminMXBeanRegistrar.java:159] o.s.b.a.SpringApplicationAdminMXBeanRegistrar$SpringApplicationAdmin - Application shutdown requested.
2024-10-09 18:34:58.723 INFO  [bfsm,org.springframework.orm.jpa.AbstractEntityManagerFactoryBean, destroy, AbstractEntityManagerFactoryBean.java:650] o.s.o.j.LocalContainerEntityManagerFactoryBean - Closing JPA EntityManagerFactory for persistence unit 'default'
2024-10-09 18:35:02.832 INFO  [bfsm,org.springframework.boot.StartupInfoLogger, logStarting, StartupInfoLogger.java:50] br.com.bfsm.BfsmApplication - Starting BfsmApplication using Java 17.0.11 with PID 53128 (C:\Users\goliveic\OneDrive - NTT DATA EMEAL\Java Intermediate\bfsm\bfsm\target\classes started by goliveic in C:\Users\goliveic\OneDrive - NTT DATA EMEAL\Java Intermediate\bfsm\bfsm)
2024-10-09 18:35:02.838 INFO  [bfsm,org.springframework.boot.SpringApplication, logStartupProfileInfo, SpringApplication.java:654] br.com.bfsm.BfsmApplication - No active profile set, falling back to 1 default profile: "default"
2024-10-09 18:35:02.893 INFO  [bfsm,org.springframework.boot.logging.DeferredLog, logTo, DeferredLog.java:252] o.s.b.d.e.DevToolsPropertyDefaultsPostProcessor - Devtools property defaults active! Set 'spring.devtools.add-properties' to 'false' to disable
2024-10-09 18:35:02.893 INFO  [bfsm,org.springframework.boot.logging.DeferredLog, logTo, DeferredLog.java:252] o.s.b.d.e.DevToolsPropertyDefaultsPostProcessor - For additional web related logging consider setting the 'logging.level.web' property to 'DEBUG'
2024-10-09 18:35:03.746 INFO  [bfsm,org.springframework.data.repository.config.RepositoryConfigurationDelegate, registerRepositoriesIn, RepositoryConfigurationDelegate.java:143] o.s.d.r.c.RepositoryConfigurationDelegate - Bootstrapping Spring Data JPA repositories in DEFAULT mode.
2024-10-09 18:35:03.815 INFO  [bfsm,org.springframework.data.repository.config.RepositoryConfigurationDelegate, registerRepositoriesIn, RepositoryConfigurationDelegate.java:211] o.s.d.r.c.RepositoryConfigurationDelegate - Finished Spring Data repository scanning in 60 ms. Found 3 JPA repository interfaces.
2024-10-09 18:35:04.418 INFO  [bfsm,org.springframework.boot.web.embedded.tomcat.TomcatWebServer, initialize, TomcatWebServer.java:111] o.s.b.w.e.tomcat.TomcatWebServer - Tomcat initialized with port 8080 (http)
2024-10-09 18:35:04.483 INFO  [bfsm,org.springframework.boot.web.servlet.context.ServletWebServerApplicationContext, prepareWebApplicationContext, ServletWebServerApplicationContext.java:296] o.s.b.w.s.c.ServletWebServerApplicationContext - Root WebApplicationContext: initialization completed in 1589 ms
2024-10-09 18:35:05.149 INFO  [bfsm,org.flywaydb.core.internal.logging.slf4j.Slf4jLog, info, Slf4jLog.java:37] org.flywaydb.core.FlywayExecutor - Database: jdbc:mysql://localhost:3306/bank (MySQL 8.0)
2024-10-09 18:35:05.223 INFO  [bfsm,org.flywaydb.core.internal.logging.slf4j.Slf4jLog, info, Slf4jLog.java:37] o.f.core.internal.command.DbValidate - Successfully validated 6 migrations (execution time 00:00.036s)
2024-10-09 18:35:05.238 INFO  [bfsm,org.flywaydb.core.internal.logging.slf4j.Slf4jLog, info, Slf4jLog.java:37] o.f.core.internal.command.DbMigrate - Current version of schema `bank`: 5
2024-10-09 18:35:05.242 INFO  [bfsm,org.flywaydb.core.internal.logging.slf4j.Slf4jLog, info, Slf4jLog.java:37] o.f.core.internal.command.DbMigrate - Schema `bank` is up to date. No migration necessary.
2024-10-09 18:35:05.345 INFO  [bfsm,org.hibernate.jpa.internal.util.LogHelper, logPersistenceUnitInformation, LogHelper.java:31] o.h.jpa.internal.util.LogHelper - HHH000204: Processing PersistenceUnitInfo [name: default]
2024-10-09 18:35:05.532 INFO  [bfsm,org.hibernate.Version, logVersion, Version.java:44] org.hibernate.Version - HHH000412: Hibernate ORM core version 6.5.2.Final
2024-10-09 18:35:05.703 INFO  [bfsm,org.hibernate.cache.internal.RegionFactoryInitiator, initiateService, RegionFactoryInitiator.java:50] o.h.c.i.RegionFactoryInitiator - HHH000026: Second-level cache disabled
2024-10-09 18:35:06.171 INFO  [bfsm,org.springframework.orm.jpa.persistenceunit.SpringPersistenceUnitInfo, addTransformer, SpringPersistenceUnitInfo.java:87] o.s.o.j.p.SpringPersistenceUnitInfo - No LoadTimeWeaver setup: ignoring JPA class transformer
2024-10-09 18:35:07.558 INFO  [bfsm,org.hibernate.engine.transaction.jta.platform.internal.JtaPlatformInitiator, initiateService, JtaPlatformInitiator.java:59] o.h.e.t.j.p.i.JtaPlatformInitiator - HHH000489: No JTA platform available (set 'hibernate.transaction.jta.platform' to enable JTA platform integration)
2024-10-09 18:35:07.561 INFO  [bfsm,org.springframework.orm.jpa.AbstractEntityManagerFactoryBean, buildNativeEntityManagerFactory, AbstractEntityManagerFactoryBean.java:437] o.s.o.j.LocalContainerEntityManagerFactoryBean - Initialized JPA EntityManagerFactory for persistence unit 'default'
2024-10-09 18:35:07.786 INFO  [bfsm,org.springframework.data.jpa.repository.query.QueryEnhancerFactory, <clinit>, QueryEnhancerFactory.java:49] o.s.d.j.r.query.QueryEnhancerFactory - Hibernate is in classpath; If applicable, HQL parser will be used.
2024-10-09 18:35:08.187 INFO  [bfsm,org.springframework.security.config.annotation.authentication.configuration.InitializeUserDetailsBeanManagerConfigurer$InitializeUserDetailsManagerConfigurer, configure, InitializeUserDetailsBeanManagerConfigurer.java:113] o.s.s.c.a.a.c.InitializeUserDetailsBeanManagerConfigurer$InitializeUserDetailsManagerConfigurer - Global AuthenticationManager configured with UserDetailsService bean with name autenticacaoService
2024-10-09 18:35:08.434 WARN  [bfsm,org.springframework.boot.autoconfigure.orm.jpa.JpaBaseConfiguration$JpaWebConfiguration, openEntityManagerInViewInterceptor, JpaBaseConfiguration.java:236] o.s.b.a.o.j.JpaBaseConfiguration$JpaWebConfiguration - spring.jpa.open-in-view is enabled by default. Therefore, database queries may be performed during view rendering. Explicitly configure spring.jpa.open-in-view to disable this warning
2024-10-09 18:35:09.025 INFO  [bfsm,org.springframework.boot.devtools.autoconfigure.OptionalLiveReloadServer, startServer, OptionalLiveReloadServer.java:59] o.s.b.d.a.OptionalLiveReloadServer - LiveReload server is running on port 35729
2024-10-09 18:35:09.072 INFO  [bfsm,org.springframework.boot.web.embedded.tomcat.TomcatWebServer, start, TomcatWebServer.java:243] o.s.b.w.e.tomcat.TomcatWebServer - Tomcat started on port 8080 (http) with context path '/'
2024-10-09 18:35:09.083 INFO  [bfsm,org.springframework.boot.StartupInfoLogger, logStarted, StartupInfoLogger.java:56] br.com.bfsm.BfsmApplication - Started BfsmApplication in 6.811 seconds (process running for 7.896)
2024-10-09 18:35:13.940 INFO  [bfsm,org.springframework.web.servlet.FrameworkServlet, initServletBean, FrameworkServlet.java:532] o.s.web.servlet.DispatcherServlet - Initializing Servlet 'dispatcherServlet'
2024-10-09 18:35:13.946 INFO  [bfsm,org.springframework.web.servlet.FrameworkServlet, initServletBean, FrameworkServlet.java:554] o.s.web.servlet.DispatcherServlet - Completed initialization in 4 ms
2024-10-09 18:35:14.912 INFO  [bfsm,org.springdoc.api.AbstractOpenApiResource, getOpenApi, AbstractOpenApiResource.java:371] o.s.api.AbstractOpenApiResource - Init duration for springdoc-openapi is: 275 ms
2024-10-09 18:35:15.474 INFO  [bfsm,br.com.bfsm.infra.security.TokenService, gerarToken, TokenService.java:38] b.c.bfsm.infra.security.TokenService - Token gerado com sucesso 
2024-10-09 18:35:32.912 INFO  [bfsm,br.com.bfsm.controller.MovimentacaoController, relatório, MovimentacaoController.java:131] b.c.b.c.MovimentacaoController - Iniciando criação do relatório
2024-10-09 18:36:39.012 WARN  [bfsm,org.springframework.web.servlet.handler.AbstractHandlerExceptionResolver, logException, AbstractHandlerExceptionResolver.java:247] o.s.w.s.m.m.a.ExceptionHandlerExceptionResolver - Resolved [org.hibernate.type.SerializationException: could not deserialize]
2024-10-09 18:36:45.682 INFO  [bfsm,br.com.bfsm.controller.MovimentacaoController, relatório, MovimentacaoController.java:131] b.c.b.c.MovimentacaoController - Iniciando criação do relatório
2024-10-09 18:36:55.549 WARN  [bfsm,org.springframework.web.servlet.handler.AbstractHandlerExceptionResolver, logException, AbstractHandlerExceptionResolver.java:247] o.s.w.s.m.m.a.ExceptionHandlerExceptionResolver - Resolved [java.lang.IllegalArgumentException: org.hibernate.query.SyntaxException: At 4:18 and token 'c', mismatched input 'c', expecting one of the following tokens: <EOF>, '+', '-', '*', '/', '%', '||', AND, BY, DAY, EPOCH, GROUP, HOUR, MINUTE, MONTH, NANOSECOND, OR, ORDER, QUARTER, SECOND, WEEK, YEAR [?select m from Movimentacoes m<EOL>JOIN m.cliente c<EOL>where 1=1<EOL>AND m.id = :idAND c.id = :clienteId]]
2024-10-09 18:37:17.794 INFO  [bfsm,br.com.bfsm.controller.MovimentacaoController, relatório, MovimentacaoController.java:131] b.c.b.c.MovimentacaoController - Iniciando criação do relatório
2024-10-09 18:37:48.926 WARN  [bfsm,org.springframework.web.servlet.handler.AbstractHandlerExceptionResolver, logException, AbstractHandlerExceptionResolver.java:247] o.s.w.s.m.m.a.ExceptionHandlerExceptionResolver - Resolved [java.lang.IllegalArgumentException: org.hibernate.query.SyntaxException: At 4:18 and token 'c', mismatched input 'c', expecting one of the following tokens: <EOF>, '+', '-', '*', '/', '%', '||', AND, BY, DAY, EPOCH, GROUP, HOUR, MINUTE, MONTH, NANOSECOND, OR, ORDER, QUARTER, SECOND, WEEK, YEAR [?select m from Movimentacoes m<EOL>JOIN m.cliente c<EOL>where 1=1<EOL>AND m.id = :idAND c.id = :clienteId]]
2024-10-09 18:37:55.271 INFO  [bfsm,br.com.bfsm.controller.MovimentacaoController, relatório, MovimentacaoController.java:131] b.c.b.c.MovimentacaoController - Iniciando criação do relatório
2024-10-09 18:37:58.967 INFO  [bfsm,org.springframework.boot.devtools.autoconfigure.LocalDevToolsAutoConfiguration$RestartingClassPathChangeChangedEventListener, onApplicationEvent, LocalDevToolsAutoConfiguration.java:211] o.s.b.d.a.LocalDevToolsAutoConfiguration$RestartingClassPathChangeChangedEventListener - Restarting due to 1 class path change (0 additions, 0 deletions, 1 modification)
2024-10-09 18:38:04.652 INFO  [bfsm,org.springframework.orm.jpa.AbstractEntityManagerFactoryBean, destroy, AbstractEntityManagerFactoryBean.java:650] o.s.o.j.LocalContainerEntityManagerFactoryBean - Closing JPA EntityManagerFactory for persistence unit 'default'
2024-10-09 18:38:06.979 INFO  [bfsm,org.springframework.boot.StartupInfoLogger, logStarting, StartupInfoLogger.java:50] br.com.bfsm.BfsmApplication - Starting BfsmApplication using Java 17.0.11 with PID 53128 (C:\Users\goliveic\OneDrive - NTT DATA EMEAL\Java Intermediate\bfsm\bfsm\target\classes started by goliveic in C:\Users\goliveic\OneDrive - NTT DATA EMEAL\Java Intermediate\bfsm\bfsm)
2024-10-09 18:38:06.980 INFO  [bfsm,org.springframework.boot.SpringApplication, logStartupProfileInfo, SpringApplication.java:654] br.com.bfsm.BfsmApplication - No active profile set, falling back to 1 default profile: "default"
2024-10-09 18:38:07.171 INFO  [bfsm,org.springframework.data.repository.config.RepositoryConfigurationDelegate, registerRepositoriesIn, RepositoryConfigurationDelegate.java:143] o.s.d.r.c.RepositoryConfigurationDelegate - Bootstrapping Spring Data JPA repositories in DEFAULT mode.
2024-10-09 18:38:07.185 INFO  [bfsm,org.springframework.data.repository.config.RepositoryConfigurationDelegate, registerRepositoriesIn, RepositoryConfigurationDelegate.java:211] o.s.d.r.c.RepositoryConfigurationDelegate - Finished Spring Data repository scanning in 13 ms. Found 3 JPA repository interfaces.
2024-10-09 18:38:07.263 INFO  [bfsm,org.springframework.boot.web.embedded.tomcat.TomcatWebServer, initialize, TomcatWebServer.java:111] o.s.b.w.e.tomcat.TomcatWebServer - Tomcat initialized with port 8080 (http)
2024-10-09 18:38:07.278 INFO  [bfsm,org.springframework.boot.web.servlet.context.ServletWebServerApplicationContext, prepareWebApplicationContext, ServletWebServerApplicationContext.java:296] o.s.b.w.s.c.ServletWebServerApplicationContext - Root WebApplicationContext: initialization completed in 295 ms
2024-10-09 18:38:07.319 INFO  [bfsm,org.flywaydb.core.internal.logging.slf4j.Slf4jLog, info, Slf4jLog.java:37] org.flywaydb.core.FlywayExecutor - Database: jdbc:mysql://localhost:3306/bank (MySQL 8.0)
2024-10-09 18:38:07.334 INFO  [bfsm,org.flywaydb.core.internal.logging.slf4j.Slf4jLog, info, Slf4jLog.java:37] o.f.core.internal.command.DbValidate - Successfully validated 6 migrations (execution time 00:00.008s)
2024-10-09 18:38:07.341 INFO  [bfsm,org.flywaydb.core.internal.logging.slf4j.Slf4jLog, info, Slf4jLog.java:37] o.f.core.internal.command.DbMigrate - Current version of schema `bank`: 5
2024-10-09 18:38:07.343 INFO  [bfsm,org.flywaydb.core.internal.logging.slf4j.Slf4jLog, info, Slf4jLog.java:37] o.f.core.internal.command.DbMigrate - Schema `bank` is up to date. No migration necessary.
2024-10-09 18:38:07.357 INFO  [bfsm,org.hibernate.jpa.internal.util.LogHelper, logPersistenceUnitInformation, LogHelper.java:31] o.h.jpa.internal.util.LogHelper - HHH000204: Processing PersistenceUnitInfo [name: default]
2024-10-09 18:38:07.359 INFO  [bfsm,org.hibernate.cache.internal.RegionFactoryInitiator, initiateService, RegionFactoryInitiator.java:50] o.h.c.i.RegionFactoryInitiator - HHH000026: Second-level cache disabled
2024-10-09 18:38:07.365 INFO  [bfsm,org.springframework.orm.jpa.persistenceunit.SpringPersistenceUnitInfo, addTransformer, SpringPersistenceUnitInfo.java:87] o.s.o.j.p.SpringPersistenceUnitInfo - No LoadTimeWeaver setup: ignoring JPA class transformer
2024-10-09 18:38:07.441 INFO  [bfsm,org.hibernate.engine.transaction.jta.platform.internal.JtaPlatformInitiator, initiateService, JtaPlatformInitiator.java:59] o.h.e.t.j.p.i.JtaPlatformInitiator - HHH000489: No JTA platform available (set 'hibernate.transaction.jta.platform' to enable JTA platform integration)
2024-10-09 18:38:07.441 INFO  [bfsm,org.springframework.orm.jpa.AbstractEntityManagerFactoryBean, buildNativeEntityManagerFactory, AbstractEntityManagerFactoryBean.java:437] o.s.o.j.LocalContainerEntityManagerFactoryBean - Initialized JPA EntityManagerFactory for persistence unit 'default'
2024-10-09 18:38:07.483 INFO  [bfsm,org.springframework.security.config.annotation.authentication.configuration.InitializeUserDetailsBeanManagerConfigurer$InitializeUserDetailsManagerConfigurer, configure, InitializeUserDetailsBeanManagerConfigurer.java:113] o.s.s.c.a.a.c.InitializeUserDetailsBeanManagerConfigurer$InitializeUserDetailsManagerConfigurer - Global AuthenticationManager configured with UserDetailsService bean with name autenticacaoService
2024-10-09 18:38:07.573 WARN  [bfsm,org.springframework.boot.autoconfigure.orm.jpa.JpaBaseConfiguration$JpaWebConfiguration, openEntityManagerInViewInterceptor, JpaBaseConfiguration.java:236] o.s.b.a.o.j.JpaBaseConfiguration$JpaWebConfiguration - spring.jpa.open-in-view is enabled by default. Therefore, database queries may be performed during view rendering. Explicitly configure spring.jpa.open-in-view to disable this warning
2024-10-09 18:38:07.674 INFO  [bfsm,org.springframework.boot.devtools.autoconfigure.OptionalLiveReloadServer, startServer, OptionalLiveReloadServer.java:59] o.s.b.d.a.OptionalLiveReloadServer - LiveReload server is running on port 35729
2024-10-09 18:38:07.685 INFO  [bfsm,org.springframework.boot.web.embedded.tomcat.TomcatWebServer, start, TomcatWebServer.java:243] o.s.b.w.e.tomcat.TomcatWebServer - Tomcat started on port 8080 (http) with context path '/'
2024-10-09 18:38:07.689 INFO  [bfsm,org.springframework.boot.StartupInfoLogger, logStarted, StartupInfoLogger.java:56] br.com.bfsm.BfsmApplication - Started BfsmApplication in 0.75 seconds (process running for 186.503)
2024-10-09 18:38:07.693 INFO  [bfsm,org.springframework.boot.devtools.autoconfigure.ConditionEvaluationDeltaLoggingListener, onApplicationEvent, ConditionEvaluationDeltaLoggingListener.java:63] o.s.b.d.a.ConditionEvaluationDeltaLoggingListener - Condition evaluation unchanged
2024-10-09 18:38:27.821 WARN  [bfsm,org.springframework.web.servlet.handler.AbstractHandlerExceptionResolver, logException, AbstractHandlerExceptionResolver.java:247] o.s.w.s.m.m.a.ExceptionHandlerExceptionResolver - Resolved [java.lang.IllegalStateException: Session/EntityManager is closed]
2024-10-09 18:38:35.458 INFO  [bfsm,org.springframework.web.servlet.FrameworkServlet, initServletBean, FrameworkServlet.java:532] o.s.web.servlet.DispatcherServlet - Initializing Servlet 'dispatcherServlet'
2024-10-09 18:38:35.460 INFO  [bfsm,org.springframework.web.servlet.FrameworkServlet, initServletBean, FrameworkServlet.java:554] o.s.web.servlet.DispatcherServlet - Completed initialization in 1 ms
2024-10-09 18:38:35.498 INFO  [bfsm,br.com.bfsm.controller.MovimentacaoController, relatório, MovimentacaoController.java:131] b.c.b.c.MovimentacaoController - Iniciando criação do relatório
2024-10-09 18:39:34.860 WARN  [bfsm,org.springframework.web.servlet.handler.AbstractHandlerExceptionResolver, logException, AbstractHandlerExceptionResolver.java:247] o.s.w.s.m.m.a.ExceptionHandlerExceptionResolver - Resolved [org.hibernate.type.SerializationException: could not deserialize]
2024-10-09 18:43:53.820 INFO  [bfsm,org.springframework.boot.devtools.autoconfigure.LocalDevToolsAutoConfiguration$RestartingClassPathChangeChangedEventListener, onApplicationEvent, LocalDevToolsAutoConfiguration.java:211] o.s.b.d.a.LocalDevToolsAutoConfiguration$RestartingClassPathChangeChangedEventListener - Restarting due to 1 class path change (0 additions, 0 deletions, 1 modification)
2024-10-09 18:43:54.495 INFO  [bfsm,org.springframework.orm.jpa.AbstractEntityManagerFactoryBean, destroy, AbstractEntityManagerFactoryBean.java:650] o.s.o.j.LocalContainerEntityManagerFactoryBean - Closing JPA EntityManagerFactory for persistence unit 'default'
2024-10-09 18:43:54.590 INFO  [bfsm,org.springframework.boot.StartupInfoLogger, logStarting, StartupInfoLogger.java:50] br.com.bfsm.BfsmApplication - Starting BfsmApplication using Java 17.0.11 with PID 53128 (C:\Users\goliveic\OneDrive - NTT DATA EMEAL\Java Intermediate\bfsm\bfsm\target\classes started by goliveic in C:\Users\goliveic\OneDrive - NTT DATA EMEAL\Java Intermediate\bfsm\bfsm)
2024-10-09 18:43:54.591 INFO  [bfsm,org.springframework.boot.SpringApplication, logStartupProfileInfo, SpringApplication.java:654] br.com.bfsm.BfsmApplication - No active profile set, falling back to 1 default profile: "default"
2024-10-09 18:43:55.106 INFO  [bfsm,org.springframework.data.repository.config.RepositoryConfigurationDelegate, registerRepositoriesIn, RepositoryConfigurationDelegate.java:143] o.s.d.r.c.RepositoryConfigurationDelegate - Bootstrapping Spring Data JPA repositories in DEFAULT mode.
2024-10-09 18:43:55.134 INFO  [bfsm,org.springframework.data.repository.config.RepositoryConfigurationDelegate, registerRepositoriesIn, RepositoryConfigurationDelegate.java:211] o.s.d.r.c.RepositoryConfigurationDelegate - Finished Spring Data repository scanning in 27 ms. Found 3 JPA repository interfaces.
2024-10-09 18:43:56.944 INFO  [bfsm,org.springframework.boot.web.embedded.tomcat.TomcatWebServer, initialize, TomcatWebServer.java:111] o.s.b.w.e.tomcat.TomcatWebServer - Tomcat initialized with port 8080 (http)
2024-10-09 18:43:56.971 INFO  [bfsm,org.springframework.boot.web.servlet.context.ServletWebServerApplicationContext, prepareWebApplicationContext, ServletWebServerApplicationContext.java:296] o.s.b.w.s.c.ServletWebServerApplicationContext - Root WebApplicationContext: initialization completed in 2378 ms
2024-10-09 18:43:57.033 INFO  [bfsm,org.flywaydb.core.internal.logging.slf4j.Slf4jLog, info, Slf4jLog.java:37] org.flywaydb.core.FlywayExecutor - Database: jdbc:mysql://localhost:3306/bank (MySQL 8.0)
2024-10-09 18:43:57.051 INFO  [bfsm,org.flywaydb.core.internal.logging.slf4j.Slf4jLog, info, Slf4jLog.java:37] o.f.core.internal.command.DbValidate - Successfully validated 6 migrations (execution time 00:00.012s)
2024-10-09 18:43:57.059 INFO  [bfsm,org.flywaydb.core.internal.logging.slf4j.Slf4jLog, info, Slf4jLog.java:37] o.f.core.internal.command.DbMigrate - Current version of schema `bank`: 5
2024-10-09 18:43:57.060 INFO  [bfsm,org.flywaydb.core.internal.logging.slf4j.Slf4jLog, info, Slf4jLog.java:37] o.f.core.internal.command.DbMigrate - Schema `bank` is up to date. No migration necessary.
2024-10-09 18:43:57.082 INFO  [bfsm,org.hibernate.jpa.internal.util.LogHelper, logPersistenceUnitInformation, LogHelper.java:31] o.h.jpa.internal.util.LogHelper - HHH000204: Processing PersistenceUnitInfo [name: default]
2024-10-09 18:43:57.085 INFO  [bfsm,org.hibernate.cache.internal.RegionFactoryInitiator, initiateService, RegionFactoryInitiator.java:50] o.h.c.i.RegionFactoryInitiator - HHH000026: Second-level cache disabled
2024-10-09 18:43:57.095 INFO  [bfsm,org.springframework.orm.jpa.persistenceunit.SpringPersistenceUnitInfo, addTransformer, SpringPersistenceUnitInfo.java:87] o.s.o.j.p.SpringPersistenceUnitInfo - No LoadTimeWeaver setup: ignoring JPA class transformer
2024-10-09 18:43:57.208 INFO  [bfsm,org.hibernate.engine.transaction.jta.platform.internal.JtaPlatformInitiator, initiateService, JtaPlatformInitiator.java:59] o.h.e.t.j.p.i.JtaPlatformInitiator - HHH000489: No JTA platform available (set 'hibernate.transaction.jta.platform' to enable JTA platform integration)
2024-10-09 18:43:57.209 INFO  [bfsm,org.springframework.orm.jpa.AbstractEntityManagerFactoryBean, buildNativeEntityManagerFactory, AbstractEntityManagerFactoryBean.java:437] o.s.o.j.LocalContainerEntityManagerFactoryBean - Initialized JPA EntityManagerFactory for persistence unit 'default'
2024-10-09 18:43:57.288 INFO  [bfsm,org.springframework.security.config.annotation.authentication.configuration.InitializeUserDetailsBeanManagerConfigurer$InitializeUserDetailsManagerConfigurer, configure, InitializeUserDetailsBeanManagerConfigurer.java:113] o.s.s.c.a.a.c.InitializeUserDetailsBeanManagerConfigurer$InitializeUserDetailsManagerConfigurer - Global AuthenticationManager configured with UserDetailsService bean with name autenticacaoService
2024-10-09 18:43:57.425 WARN  [bfsm,org.springframework.boot.autoconfigure.orm.jpa.JpaBaseConfiguration$JpaWebConfiguration, openEntityManagerInViewInterceptor, JpaBaseConfiguration.java:236] o.s.b.a.o.j.JpaBaseConfiguration$JpaWebConfiguration - spring.jpa.open-in-view is enabled by default. Therefore, database queries may be performed during view rendering. Explicitly configure spring.jpa.open-in-view to disable this warning
2024-10-09 18:43:57.615 INFO  [bfsm,org.springframework.boot.devtools.autoconfigure.OptionalLiveReloadServer, startServer, OptionalLiveReloadServer.java:59] o.s.b.d.a.OptionalLiveReloadServer - LiveReload server is running on port 35729
2024-10-09 18:43:57.633 INFO  [bfsm,org.springframework.boot.web.embedded.tomcat.TomcatWebServer, start, TomcatWebServer.java:243] o.s.b.w.e.tomcat.TomcatWebServer - Tomcat started on port 8080 (http) with context path '/'
2024-10-09 18:43:57.640 INFO  [bfsm,org.springframework.boot.StartupInfoLogger, logStarted, StartupInfoLogger.java:56] br.com.bfsm.BfsmApplication - Started BfsmApplication in 3.084 seconds (process running for 536.454)
2024-10-09 18:43:57.642 INFO  [bfsm,org.springframework.boot.devtools.autoconfigure.ConditionEvaluationDeltaLoggingListener, onApplicationEvent, ConditionEvaluationDeltaLoggingListener.java:63] o.s.b.d.a.ConditionEvaluationDeltaLoggingListener - Condition evaluation unchanged
2024-10-09 18:44:49.415 INFO  [bfsm,org.springframework.web.servlet.FrameworkServlet, initServletBean, FrameworkServlet.java:532] o.s.web.servlet.DispatcherServlet - Initializing Servlet 'dispatcherServlet'
2024-10-09 18:44:49.417 INFO  [bfsm,org.springframework.web.servlet.FrameworkServlet, initServletBean, FrameworkServlet.java:554] o.s.web.servlet.DispatcherServlet - Completed initialization in 1 ms
2024-10-09 18:44:49.452 INFO  [bfsm,br.com.bfsm.controller.MovimentacaoController, relatório, MovimentacaoController.java:131] b.c.b.c.MovimentacaoController - Iniciando criação do relatório
2024-10-09 18:45:17.077 WARN  [bfsm,org.springframework.web.servlet.handler.AbstractHandlerExceptionResolver, logException, AbstractHandlerExceptionResolver.java:247] o.s.w.s.m.m.a.ExceptionHandlerExceptionResolver - Resolved [org.hibernate.type.SerializationException: could not deserialize]
2024-10-09 18:45:26.837 INFO  [bfsm,br.com.bfsm.controller.MovimentacaoController, relatório, MovimentacaoController.java:131] b.c.b.c.MovimentacaoController - Iniciando criação do relatório
2024-10-09 18:45:41.660 WARN  [bfsm,org.springframework.web.servlet.handler.AbstractHandlerExceptionResolver, logException, AbstractHandlerExceptionResolver.java:247] o.s.w.s.m.m.a.ExceptionHandlerExceptionResolver - Resolved [org.hibernate.type.SerializationException: could not deserialize]
2024-10-09 18:49:41.781 INFO  [bfsm,org.springframework.boot.devtools.autoconfigure.LocalDevToolsAutoConfiguration$RestartingClassPathChangeChangedEventListener, onApplicationEvent, LocalDevToolsAutoConfiguration.java:211] o.s.b.d.a.LocalDevToolsAutoConfiguration$RestartingClassPathChangeChangedEventListener - Restarting due to 1 class path change (0 additions, 0 deletions, 1 modification)
2024-10-09 18:49:42.431 INFO  [bfsm,org.springframework.orm.jpa.AbstractEntityManagerFactoryBean, destroy, AbstractEntityManagerFactoryBean.java:650] o.s.o.j.LocalContainerEntityManagerFactoryBean - Closing JPA EntityManagerFactory for persistence unit 'default'
2024-10-09 18:49:42.519 INFO  [bfsm,org.springframework.boot.StartupInfoLogger, logStarting, StartupInfoLogger.java:50] br.com.bfsm.BfsmApplication - Starting BfsmApplication using Java 17.0.11 with PID 53128 (C:\Users\goliveic\OneDrive - NTT DATA EMEAL\Java Intermediate\bfsm\bfsm\target\classes started by goliveic in C:\Users\goliveic\OneDrive - NTT DATA EMEAL\Java Intermediate\bfsm\bfsm)
2024-10-09 18:49:42.520 INFO  [bfsm,org.springframework.boot.SpringApplication, logStartupProfileInfo, SpringApplication.java:654] br.com.bfsm.BfsmApplication - No active profile set, falling back to 1 default profile: "default"
2024-10-09 18:49:42.721 INFO  [bfsm,org.springframework.data.repository.config.RepositoryConfigurationDelegate, registerRepositoriesIn, RepositoryConfigurationDelegate.java:143] o.s.d.r.c.RepositoryConfigurationDelegate - Bootstrapping Spring Data JPA repositories in DEFAULT mode.
2024-10-09 18:49:42.735 INFO  [bfsm,org.springframework.data.repository.config.RepositoryConfigurationDelegate, registerRepositoriesIn, RepositoryConfigurationDelegate.java:211] o.s.d.r.c.RepositoryConfigurationDelegate - Finished Spring Data repository scanning in 13 ms. Found 3 JPA repository interfaces.
2024-10-09 18:49:42.822 INFO  [bfsm,org.springframework.boot.web.embedded.tomcat.TomcatWebServer, initialize, TomcatWebServer.java:111] o.s.b.w.e.tomcat.TomcatWebServer - Tomcat initialized with port 8080 (http)
2024-10-09 18:49:42.837 INFO  [bfsm,org.springframework.boot.web.servlet.context.ServletWebServerApplicationContext, prepareWebApplicationContext, ServletWebServerApplicationContext.java:296] o.s.b.w.s.c.ServletWebServerApplicationContext - Root WebApplicationContext: initialization completed in 314 ms
2024-10-09 18:49:42.878 INFO  [bfsm,org.flywaydb.core.internal.logging.slf4j.Slf4jLog, info, Slf4jLog.java:37] org.flywaydb.core.FlywayExecutor - Database: jdbc:mysql://localhost:3306/bank (MySQL 8.0)
2024-10-09 18:49:42.898 INFO  [bfsm,org.flywaydb.core.internal.logging.slf4j.Slf4jLog, info, Slf4jLog.java:37] o.f.core.internal.command.DbValidate - Successfully validated 6 migrations (execution time 00:00.012s)
2024-10-09 18:49:42.906 INFO  [bfsm,org.flywaydb.core.internal.logging.slf4j.Slf4jLog, info, Slf4jLog.java:37] o.f.core.internal.command.DbMigrate - Current version of schema `bank`: 5
2024-10-09 18:49:42.907 INFO  [bfsm,org.flywaydb.core.internal.logging.slf4j.Slf4jLog, info, Slf4jLog.java:37] o.f.core.internal.command.DbMigrate - Schema `bank` is up to date. No migration necessary.
2024-10-09 18:49:42.922 INFO  [bfsm,org.hibernate.jpa.internal.util.LogHelper, logPersistenceUnitInformation, LogHelper.java:31] o.h.jpa.internal.util.LogHelper - HHH000204: Processing PersistenceUnitInfo [name: default]
2024-10-09 18:49:42.924 INFO  [bfsm,org.hibernate.cache.internal.RegionFactoryInitiator, initiateService, RegionFactoryInitiator.java:50] o.h.c.i.RegionFactoryInitiator - HHH000026: Second-level cache disabled
2024-10-09 18:49:42.930 INFO  [bfsm,org.springframework.orm.jpa.persistenceunit.SpringPersistenceUnitInfo, addTransformer, SpringPersistenceUnitInfo.java:87] o.s.o.j.p.SpringPersistenceUnitInfo - No LoadTimeWeaver setup: ignoring JPA class transformer
2024-10-09 18:49:43.003 INFO  [bfsm,org.hibernate.engine.transaction.jta.platform.internal.JtaPlatformInitiator, initiateService, JtaPlatformInitiator.java:59] o.h.e.t.j.p.i.JtaPlatformInitiator - HHH000489: No JTA platform available (set 'hibernate.transaction.jta.platform' to enable JTA platform integration)
2024-10-09 18:49:43.004 INFO  [bfsm,org.springframework.orm.jpa.AbstractEntityManagerFactoryBean, buildNativeEntityManagerFactory, AbstractEntityManagerFactoryBean.java:437] o.s.o.j.LocalContainerEntityManagerFactoryBean - Initialized JPA EntityManagerFactory for persistence unit 'default'
2024-10-09 18:49:43.049 INFO  [bfsm,org.springframework.security.config.annotation.authentication.configuration.InitializeUserDetailsBeanManagerConfigurer$InitializeUserDetailsManagerConfigurer, configure, InitializeUserDetailsBeanManagerConfigurer.java:113] o.s.s.c.a.a.c.InitializeUserDetailsBeanManagerConfigurer$InitializeUserDetailsManagerConfigurer - Global AuthenticationManager configured with UserDetailsService bean with name autenticacaoService
2024-10-09 18:49:43.158 WARN  [bfsm,org.springframework.boot.autoconfigure.orm.jpa.JpaBaseConfiguration$JpaWebConfiguration, openEntityManagerInViewInterceptor, JpaBaseConfiguration.java:236] o.s.b.a.o.j.JpaBaseConfiguration$JpaWebConfiguration - spring.jpa.open-in-view is enabled by default. Therefore, database queries may be performed during view rendering. Explicitly configure spring.jpa.open-in-view to disable this warning
2024-10-09 18:49:43.273 INFO  [bfsm,org.springframework.boot.devtools.autoconfigure.OptionalLiveReloadServer, startServer, OptionalLiveReloadServer.java:59] o.s.b.d.a.OptionalLiveReloadServer - LiveReload server is running on port 35729
2024-10-09 18:49:43.286 INFO  [bfsm,org.springframework.boot.web.embedded.tomcat.TomcatWebServer, start, TomcatWebServer.java:243] o.s.b.w.e.tomcat.TomcatWebServer - Tomcat started on port 8080 (http) with context path '/'
2024-10-09 18:49:43.291 INFO  [bfsm,org.springframework.boot.StartupInfoLogger, logStarted, StartupInfoLogger.java:56] br.com.bfsm.BfsmApplication - Started BfsmApplication in 0.806 seconds (process running for 882.105)
2024-10-09 18:49:43.294 INFO  [bfsm,org.springframework.boot.devtools.autoconfigure.ConditionEvaluationDeltaLoggingListener, onApplicationEvent, ConditionEvaluationDeltaLoggingListener.java:63] o.s.b.d.a.ConditionEvaluationDeltaLoggingListener - Condition evaluation unchanged
2024-10-09 18:49:56.305 INFO  [bfsm,org.springframework.web.servlet.FrameworkServlet, initServletBean, FrameworkServlet.java:532] o.s.web.servlet.DispatcherServlet - Initializing Servlet 'dispatcherServlet'
2024-10-09 18:49:56.306 INFO  [bfsm,org.springframework.web.servlet.FrameworkServlet, initServletBean, FrameworkServlet.java:554] o.s.web.servlet.DispatcherServlet - Completed initialization in 1 ms
2024-10-09 18:49:56.349 INFO  [bfsm,br.com.bfsm.controller.MovimentacaoController, relatório, MovimentacaoController.java:131] b.c.b.c.MovimentacaoController - Iniciando criação do relatório
2024-10-09 18:50:29.693 WARN  [bfsm,org.springframework.web.servlet.handler.AbstractHandlerExceptionResolver, logException, AbstractHandlerExceptionResolver.java:247] o.s.w.s.m.m.a.ExceptionHandlerExceptionResolver - Resolved [org.hibernate.type.SerializationException: could not deserialize]
2024-10-09 18:55:23.855 INFO  [bfsm,br.com.bfsm.controller.MovimentacaoController, relatório, MovimentacaoController.java:131] b.c.b.c.MovimentacaoController - Iniciando criação do relatório
2024-10-09 18:55:28.504 WARN  [bfsm,org.springframework.web.servlet.handler.AbstractHandlerExceptionResolver, logException, AbstractHandlerExceptionResolver.java:247] o.s.w.s.m.m.a.ExceptionHandlerExceptionResolver - Resolved [org.hibernate.type.SerializationException: could not deserialize]
2024-10-09 18:55:34.381 INFO  [bfsm,br.com.bfsm.controller.MovimentacaoController, relatório, MovimentacaoController.java:131] b.c.b.c.MovimentacaoController - Iniciando criação do relatório
2024-10-09 18:58:08.452 WARN  [bfsm,org.springframework.web.servlet.handler.AbstractHandlerExceptionResolver, logException, AbstractHandlerExceptionResolver.java:247] o.s.w.s.m.m.a.ExceptionHandlerExceptionResolver - Resolved [org.hibernate.type.SerializationException: could not deserialize]
2024-10-09 18:58:11.576 INFO  [bfsm,org.springframework.boot.devtools.autoconfigure.LocalDevToolsAutoConfiguration$RestartingClassPathChangeChangedEventListener, onApplicationEvent, LocalDevToolsAutoConfiguration.java:211] o.s.b.d.a.LocalDevToolsAutoConfiguration$RestartingClassPathChangeChangedEventListener - Restarting due to 1 class path change (0 additions, 0 deletions, 1 modification)
2024-10-09 18:58:12.236 INFO  [bfsm,org.springframework.orm.jpa.AbstractEntityManagerFactoryBean, destroy, AbstractEntityManagerFactoryBean.java:650] o.s.o.j.LocalContainerEntityManagerFactoryBean - Closing JPA EntityManagerFactory for persistence unit 'default'
2024-10-09 18:58:12.344 INFO  [bfsm,org.springframework.boot.StartupInfoLogger, logStarting, StartupInfoLogger.java:50] br.com.bfsm.BfsmApplication - Starting BfsmApplication using Java 17.0.11 with PID 53128 (C:\Users\goliveic\OneDrive - NTT DATA EMEAL\Java Intermediate\bfsm\bfsm\target\classes started by goliveic in C:\Users\goliveic\OneDrive - NTT DATA EMEAL\Java Intermediate\bfsm\bfsm)
2024-10-09 18:58:12.345 INFO  [bfsm,org.springframework.boot.SpringApplication, logStartupProfileInfo, SpringApplication.java:654] br.com.bfsm.BfsmApplication - No active profile set, falling back to 1 default profile: "default"
2024-10-09 18:58:12.655 INFO  [bfsm,org.springframework.data.repository.config.RepositoryConfigurationDelegate, registerRepositoriesIn, RepositoryConfigurationDelegate.java:143] o.s.d.r.c.RepositoryConfigurationDelegate - Bootstrapping Spring Data JPA repositories in DEFAULT mode.
2024-10-09 18:58:12.679 INFO  [bfsm,org.springframework.data.repository.config.RepositoryConfigurationDelegate, registerRepositoriesIn, RepositoryConfigurationDelegate.java:211] o.s.d.r.c.RepositoryConfigurationDelegate - Finished Spring Data repository scanning in 23 ms. Found 3 JPA repository interfaces.
2024-10-09 18:58:12.852 INFO  [bfsm,org.springframework.boot.web.embedded.tomcat.TomcatWebServer, initialize, TomcatWebServer.java:111] o.s.b.w.e.tomcat.TomcatWebServer - Tomcat initialized with port 8080 (http)
2024-10-09 18:58:12.881 INFO  [bfsm,org.springframework.boot.web.servlet.context.ServletWebServerApplicationContext, prepareWebApplicationContext, ServletWebServerApplicationContext.java:296] o.s.b.w.s.c.ServletWebServerApplicationContext - Root WebApplicationContext: initialization completed in 533 ms
2024-10-09 18:58:12.966 INFO  [bfsm,org.flywaydb.core.internal.logging.slf4j.Slf4jLog, info, Slf4jLog.java:37] org.flywaydb.core.FlywayExecutor - Database: jdbc:mysql://localhost:3306/bank (MySQL 8.0)
2024-10-09 18:58:12.983 INFO  [bfsm,org.flywaydb.core.internal.logging.slf4j.Slf4jLog, info, Slf4jLog.java:37] o.f.core.internal.command.DbValidate - Successfully validated 6 migrations (execution time 00:00.010s)
2024-10-09 18:58:12.990 INFO  [bfsm,org.flywaydb.core.internal.logging.slf4j.Slf4jLog, info, Slf4jLog.java:37] o.f.core.internal.command.DbMigrate - Current version of schema `bank`: 5
2024-10-09 18:58:12.991 INFO  [bfsm,org.flywaydb.core.internal.logging.slf4j.Slf4jLog, info, Slf4jLog.java:37] o.f.core.internal.command.DbMigrate - Schema `bank` is up to date. No migration necessary.
2024-10-09 18:58:13.014 INFO  [bfsm,org.hibernate.jpa.internal.util.LogHelper, logPersistenceUnitInformation, LogHelper.java:31] o.h.jpa.internal.util.LogHelper - HHH000204: Processing PersistenceUnitInfo [name: default]
2024-10-09 18:58:13.018 INFO  [bfsm,org.hibernate.cache.internal.RegionFactoryInitiator, initiateService, RegionFactoryInitiator.java:50] o.h.c.i.RegionFactoryInitiator - HHH000026: Second-level cache disabled
2024-10-09 18:58:13.028 INFO  [bfsm,org.springframework.orm.jpa.persistenceunit.SpringPersistenceUnitInfo, addTransformer, SpringPersistenceUnitInfo.java:87] o.s.o.j.p.SpringPersistenceUnitInfo - No LoadTimeWeaver setup: ignoring JPA class transformer
2024-10-09 18:58:13.147 INFO  [bfsm,org.hibernate.engine.transaction.jta.platform.internal.JtaPlatformInitiator, initiateService, JtaPlatformInitiator.java:59] o.h.e.t.j.p.i.JtaPlatformInitiator - HHH000489: No JTA platform available (set 'hibernate.transaction.jta.platform' to enable JTA platform integration)
2024-10-09 18:58:13.147 INFO  [bfsm,org.springframework.orm.jpa.AbstractEntityManagerFactoryBean, buildNativeEntityManagerFactory, AbstractEntityManagerFactoryBean.java:437] o.s.o.j.LocalContainerEntityManagerFactoryBean - Initialized JPA EntityManagerFactory for persistence unit 'default'
2024-10-09 18:58:13.214 INFO  [bfsm,org.springframework.security.config.annotation.authentication.configuration.InitializeUserDetailsBeanManagerConfigurer$InitializeUserDetailsManagerConfigurer, configure, InitializeUserDetailsBeanManagerConfigurer.java:113] o.s.s.c.a.a.c.InitializeUserDetailsBeanManagerConfigurer$InitializeUserDetailsManagerConfigurer - Global AuthenticationManager configured with UserDetailsService bean with name autenticacaoService
2024-10-09 18:58:13.420 WARN  [bfsm,org.springframework.boot.autoconfigure.orm.jpa.JpaBaseConfiguration$JpaWebConfiguration, openEntityManagerInViewInterceptor, JpaBaseConfiguration.java:236] o.s.b.a.o.j.JpaBaseConfiguration$JpaWebConfiguration - spring.jpa.open-in-view is enabled by default. Therefore, database queries may be performed during view rendering. Explicitly configure spring.jpa.open-in-view to disable this warning
2024-10-09 18:58:13.671 INFO  [bfsm,org.springframework.boot.devtools.autoconfigure.OptionalLiveReloadServer, startServer, OptionalLiveReloadServer.java:59] o.s.b.d.a.OptionalLiveReloadServer - LiveReload server is running on port 35729
2024-10-09 18:58:13.688 INFO  [bfsm,org.springframework.boot.web.embedded.tomcat.TomcatWebServer, start, TomcatWebServer.java:243] o.s.b.w.e.tomcat.TomcatWebServer - Tomcat started on port 8080 (http) with context path '/'
2024-10-09 18:58:13.693 INFO  [bfsm,org.springframework.boot.StartupInfoLogger, logStarted, StartupInfoLogger.java:56] br.com.bfsm.BfsmApplication - Started BfsmApplication in 1.397 seconds (process running for 1392.507)
2024-10-09 18:58:13.696 INFO  [bfsm,org.springframework.boot.devtools.autoconfigure.ConditionEvaluationDeltaLoggingListener, onApplicationEvent, ConditionEvaluationDeltaLoggingListener.java:63] o.s.b.d.a.ConditionEvaluationDeltaLoggingListener - Condition evaluation unchanged
