2024-09-25 18:20:45.159 INFO  [bfsm,org.springframework.boot.StartupInfoLogger, logStarting, StartupInfoLogger.java:50] br.com.bfsm.BfsmApplication - Starting BfsmApplication using Java 17.0.11 with PID 26152 (C:\Users\goliveic\OneDrive - NTT DATA EMEAL\Java Intermediate\bfsm\bfsm\target\classes started by goliveic in C:\Users\goliveic\OneDrive - NTT DATA EMEAL\Java Intermediate\bfsm\bfsm)
2024-09-25 18:20:45.160 INFO  [bfsm,org.springframework.boot.SpringApplication, logStartupProfileInfo, SpringApplication.java:654] br.com.bfsm.BfsmApplication - No active profile set, falling back to 1 default profile: "default"
2024-09-25 18:20:45.432 INFO  [bfsm,org.springframework.data.repository.config.RepositoryConfigurationDelegate, registerRepositoriesIn, RepositoryConfigurationDelegate.java:143] o.s.d.r.c.RepositoryConfigurationDelegate - Bootstrapping Spring Data JPA repositories in DEFAULT mode.
2024-09-25 18:25:38.853 INFO  [bfsm,org.springframework.boot.StartupInfoLogger, logStarting, StartupInfoLogger.java:50] br.com.bfsm.BfsmApplication - Starting BfsmApplication using Java 17.0.11 with PID 30088 (C:\Users\goliveic\OneDrive - NTT DATA EMEAL\Java Intermediate\bfsm\bfsm\target\classes started by goliveic in C:\Users\goliveic\OneDrive - NTT DATA EMEAL\Java Intermediate\bfsm\bfsm)
2024-09-25 18:25:38.855 INFO  [bfsm,org.springframework.boot.SpringApplication, logStartupProfileInfo, SpringApplication.java:654] br.com.bfsm.BfsmApplication - No active profile set, falling back to 1 default profile: "default"
2024-09-25 18:25:38.888 INFO  [bfsm,org.springframework.boot.logging.DeferredLog, logTo, DeferredLog.java:252] o.s.b.d.e.DevToolsPropertyDefaultsPostProcessor - Devtools property defaults active! Set 'spring.devtools.add-properties' to 'false' to disable
2024-09-25 18:25:38.888 INFO  [bfsm,org.springframework.boot.logging.DeferredLog, logTo, DeferredLog.java:252] o.s.b.d.e.DevToolsPropertyDefaultsPostProcessor - For additional web related logging consider setting the 'logging.level.web' property to 'DEBUG'
2024-09-25 18:25:39.427 INFO  [bfsm,org.springframework.data.repository.config.RepositoryConfigurationDelegate, registerRepositoriesIn, RepositoryConfigurationDelegate.java:143] o.s.d.r.c.RepositoryConfigurationDelegate - Bootstrapping Spring Data JPA repositories in DEFAULT mode.
2024-09-25 18:25:39.472 INFO  [bfsm,org.springframework.data.repository.config.RepositoryConfigurationDelegate, registerRepositoriesIn, RepositoryConfigurationDelegate.java:211] o.s.d.r.c.RepositoryConfigurationDelegate - Finished Spring Data repository scanning in 38 ms. Found 3 JPA repository interfaces.
2024-09-25 18:25:39.832 INFO  [bfsm,org.springframework.boot.web.embedded.tomcat.TomcatWebServer, initialize, TomcatWebServer.java:111] o.s.b.w.e.tomcat.TomcatWebServer - Tomcat initialized with port 8080 (http)
2024-09-25 18:25:39.892 INFO  [bfsm,org.springframework.boot.web.servlet.context.ServletWebServerApplicationContext, prepareWebApplicationContext, ServletWebServerApplicationContext.java:296] o.s.b.w.s.c.ServletWebServerApplicationContext - Root WebApplicationContext: initialization completed in 1004 ms
2024-09-25 18:25:40.319 INFO  [bfsm,org.hibernate.jpa.internal.util.LogHelper, logPersistenceUnitInformation, LogHelper.java:31] o.h.jpa.internal.util.LogHelper - HHH000204: Processing PersistenceUnitInfo [name: default]
2024-09-25 18:25:40.356 INFO  [bfsm,org.hibernate.Version, logVersion, Version.java:44] org.hibernate.Version - HHH000412: Hibernate ORM core version 6.5.2.Final
2024-09-25 18:25:40.380 INFO  [bfsm,org.hibernate.cache.internal.RegionFactoryInitiator, initiateService, RegionFactoryInitiator.java:50] o.h.c.i.RegionFactoryInitiator - HHH000026: Second-level cache disabled
2024-09-25 18:25:40.626 INFO  [bfsm,org.springframework.orm.jpa.persistenceunit.SpringPersistenceUnitInfo, addTransformer, SpringPersistenceUnitInfo.java:87] o.s.o.j.p.SpringPersistenceUnitInfo - No LoadTimeWeaver setup: ignoring JPA class transformer
2024-09-25 18:25:41.196 INFO  [bfsm,org.hibernate.metamodel.internal.EntityInstantiatorPojoStandard, resolveConstructor, EntityInstantiatorPojoStandard.java:53] o.h.m.i.EntityInstantiatorPojoStandard - HHH000182: No default (no-argument) constructor for class: br.com.bfsm.domain.movimentacao.Movimentacao (class must be instantiated by Interceptor)
2024-09-25 18:25:41.372 INFO  [bfsm,org.hibernate.engine.transaction.jta.platform.internal.JtaPlatformInitiator, initiateService, JtaPlatformInitiator.java:59] o.h.e.t.j.p.i.JtaPlatformInitiator - HHH000489: No JTA platform available (set 'hibernate.transaction.jta.platform' to enable JTA platform integration)
2024-09-25 18:25:41.374 INFO  [bfsm,org.springframework.orm.jpa.AbstractEntityManagerFactoryBean, buildNativeEntityManagerFactory, AbstractEntityManagerFactoryBean.java:437] o.s.o.j.LocalContainerEntityManagerFactoryBean - Initialized JPA EntityManagerFactory for persistence unit 'default'
2024-09-25 18:25:41.514 INFO  [bfsm,org.springframework.data.jpa.repository.query.QueryEnhancerFactory, <clinit>, QueryEnhancerFactory.java:49] o.s.d.j.r.query.QueryEnhancerFactory - Hibernate is in classpath; If applicable, HQL parser will be used.
2024-09-25 18:25:41.767 INFO  [bfsm,org.springframework.security.config.annotation.authentication.configuration.InitializeUserDetailsBeanManagerConfigurer$InitializeUserDetailsManagerConfigurer, configure, InitializeUserDetailsBeanManagerConfigurer.java:113] o.s.s.c.a.a.c.InitializeUserDetailsBeanManagerConfigurer$InitializeUserDetailsManagerConfigurer - Global AuthenticationManager configured with UserDetailsService bean with name autenticacaoService
2024-09-25 18:25:41.854 WARN  [bfsm,org.springframework.boot.autoconfigure.orm.jpa.JpaBaseConfiguration$JpaWebConfiguration, openEntityManagerInViewInterceptor, JpaBaseConfiguration.java:236] o.s.b.a.o.j.JpaBaseConfiguration$JpaWebConfiguration - spring.jpa.open-in-view is enabled by default. Therefore, database queries may be performed during view rendering. Explicitly configure spring.jpa.open-in-view to disable this warning
2024-09-25 18:25:42.225 INFO  [bfsm,org.springframework.boot.devtools.autoconfigure.OptionalLiveReloadServer, startServer, OptionalLiveReloadServer.java:59] o.s.b.d.a.OptionalLiveReloadServer - LiveReload server is running on port 35729
2024-09-25 18:25:42.263 INFO  [bfsm,org.springframework.boot.web.embedded.tomcat.TomcatWebServer, start, TomcatWebServer.java:243] o.s.b.w.e.tomcat.TomcatWebServer - Tomcat started on port 8080 (http) with context path '/'
2024-09-25 18:25:42.271 INFO  [bfsm,org.springframework.boot.StartupInfoLogger, logStarted, StartupInfoLogger.java:56] br.com.bfsm.BfsmApplication - Started BfsmApplication in 3.772 seconds (process running for 4.254)
2024-09-25 18:25:58.945 INFO  [bfsm,org.springframework.web.servlet.FrameworkServlet, initServletBean, FrameworkServlet.java:532] o.s.web.servlet.DispatcherServlet - Initializing Servlet 'dispatcherServlet'
2024-09-25 18:25:58.947 INFO  [bfsm,org.springframework.web.servlet.FrameworkServlet, initServletBean, FrameworkServlet.java:554] o.s.web.servlet.DispatcherServlet - Completed initialization in 1 ms
2024-09-25 18:25:59.255 INFO  [bfsm,br.com.bfsm.infra.security.TokenService, gerarToken, TokenService.java:38] b.c.bfsm.infra.security.TokenService - Token gerado com sucesso 
2024-09-25 18:25:59.345 INFO  [bfsm,br.com.bfsm.controller.ClienteController, buscar, ClienteController.java:58] b.c.b.controller.ClienteController - Iniciando busca do id: [id] 1
2024-09-25 18:25:59.364 INFO  [bfsm,br.com.bfsm.controller.ClienteController, buscar, ClienteController.java:63] b.c.b.controller.ClienteController - O id: [id] 1 foi localizado
2024-09-25 18:26:41.802 INFO  [bfsm,org.springframework.boot.devtools.autoconfigure.LocalDevToolsAutoConfiguration$RestartingClassPathChangeChangedEventListener, onApplicationEvent, LocalDevToolsAutoConfiguration.java:211] o.s.b.d.a.LocalDevToolsAutoConfiguration$RestartingClassPathChangeChangedEventListener - Restarting due to 3 class path changes (3 additions, 0 deletions, 0 modifications)
2024-09-25 18:26:42.471 INFO  [bfsm,org.springframework.orm.jpa.AbstractEntityManagerFactoryBean, destroy, AbstractEntityManagerFactoryBean.java:650] o.s.o.j.LocalContainerEntityManagerFactoryBean - Closing JPA EntityManagerFactory for persistence unit 'default'
2024-09-25 18:26:42.546 INFO  [bfsm,org.springframework.boot.StartupInfoLogger, logStarting, StartupInfoLogger.java:50] br.com.bfsm.BfsmApplication - Starting BfsmApplication using Java 17.0.11 with PID 30088 (C:\Users\goliveic\OneDrive - NTT DATA EMEAL\Java Intermediate\bfsm\bfsm\target\classes started by goliveic in C:\Users\goliveic\OneDrive - NTT DATA EMEAL\Java Intermediate\bfsm\bfsm)
2024-09-25 18:26:42.546 INFO  [bfsm,org.springframework.boot.SpringApplication, logStartupProfileInfo, SpringApplication.java:654] br.com.bfsm.BfsmApplication - No active profile set, falling back to 1 default profile: "default"
2024-09-25 18:26:42.718 INFO  [bfsm,org.springframework.data.repository.config.RepositoryConfigurationDelegate, registerRepositoriesIn, RepositoryConfigurationDelegate.java:143] o.s.d.r.c.RepositoryConfigurationDelegate - Bootstrapping Spring Data JPA repositories in DEFAULT mode.
2024-09-25 18:26:42.734 INFO  [bfsm,org.springframework.data.repository.config.RepositoryConfigurationDelegate, registerRepositoriesIn, RepositoryConfigurationDelegate.java:211] o.s.d.r.c.RepositoryConfigurationDelegate - Finished Spring Data repository scanning in 14 ms. Found 3 JPA repository interfaces.
2024-09-25 18:26:42.824 INFO  [bfsm,org.springframework.boot.web.embedded.tomcat.TomcatWebServer, initialize, TomcatWebServer.java:111] o.s.b.w.e.tomcat.TomcatWebServer - Tomcat initialized with port 8080 (http)
2024-09-25 18:26:42.842 INFO  [bfsm,org.springframework.boot.web.servlet.context.ServletWebServerApplicationContext, prepareWebApplicationContext, ServletWebServerApplicationContext.java:296] o.s.b.w.s.c.ServletWebServerApplicationContext - Root WebApplicationContext: initialization completed in 294 ms
2024-09-25 18:26:42.893 INFO  [bfsm,org.hibernate.jpa.internal.util.LogHelper, logPersistenceUnitInformation, LogHelper.java:31] o.h.jpa.internal.util.LogHelper - HHH000204: Processing PersistenceUnitInfo [name: default]
2024-09-25 18:26:42.895 INFO  [bfsm,org.hibernate.cache.internal.RegionFactoryInitiator, initiateService, RegionFactoryInitiator.java:50] o.h.c.i.RegionFactoryInitiator - HHH000026: Second-level cache disabled
2024-09-25 18:26:42.906 INFO  [bfsm,org.springframework.orm.jpa.persistenceunit.SpringPersistenceUnitInfo, addTransformer, SpringPersistenceUnitInfo.java:87] o.s.o.j.p.SpringPersistenceUnitInfo - No LoadTimeWeaver setup: ignoring JPA class transformer
2024-09-25 18:26:42.964 INFO  [bfsm,org.hibernate.metamodel.internal.EntityInstantiatorPojoStandard, resolveConstructor, EntityInstantiatorPojoStandard.java:53] o.h.m.i.EntityInstantiatorPojoStandard - HHH000182: No default (no-argument) constructor for class: br.com.bfsm.domain.movimentacao.Movimentacao (class must be instantiated by Interceptor)
2024-09-25 18:26:42.990 INFO  [bfsm,org.hibernate.engine.transaction.jta.platform.internal.JtaPlatformInitiator, initiateService, JtaPlatformInitiator.java:59] o.h.e.t.j.p.i.JtaPlatformInitiator - HHH000489: No JTA platform available (set 'hibernate.transaction.jta.platform' to enable JTA platform integration)
2024-09-25 18:26:42.991 INFO  [bfsm,org.springframework.orm.jpa.AbstractEntityManagerFactoryBean, buildNativeEntityManagerFactory, AbstractEntityManagerFactoryBean.java:437] o.s.o.j.LocalContainerEntityManagerFactoryBean - Initialized JPA EntityManagerFactory for persistence unit 'default'
2024-09-25 18:26:43.031 INFO  [bfsm,org.springframework.security.config.annotation.authentication.configuration.InitializeUserDetailsBeanManagerConfigurer$InitializeUserDetailsManagerConfigurer, configure, InitializeUserDetailsBeanManagerConfigurer.java:113] o.s.s.c.a.a.c.InitializeUserDetailsBeanManagerConfigurer$InitializeUserDetailsManagerConfigurer - Global AuthenticationManager configured with UserDetailsService bean with name autenticacaoService
2024-09-25 18:26:43.077 WARN  [bfsm,org.springframework.boot.autoconfigure.orm.jpa.JpaBaseConfiguration$JpaWebConfiguration, openEntityManagerInViewInterceptor, JpaBaseConfiguration.java:236] o.s.b.a.o.j.JpaBaseConfiguration$JpaWebConfiguration - spring.jpa.open-in-view is enabled by default. Therefore, database queries may be performed during view rendering. Explicitly configure spring.jpa.open-in-view to disable this warning
2024-09-25 18:26:43.227 INFO  [bfsm,org.springframework.boot.devtools.autoconfigure.OptionalLiveReloadServer, startServer, OptionalLiveReloadServer.java:59] o.s.b.d.a.OptionalLiveReloadServer - LiveReload server is running on port 35729
2024-09-25 18:26:43.238 INFO  [bfsm,org.springframework.boot.web.embedded.tomcat.TomcatWebServer, start, TomcatWebServer.java:243] o.s.b.w.e.tomcat.TomcatWebServer - Tomcat started on port 8080 (http) with context path '/'
2024-09-25 18:26:43.244 INFO  [bfsm,org.springframework.boot.StartupInfoLogger, logStarted, StartupInfoLogger.java:56] br.com.bfsm.BfsmApplication - Started BfsmApplication in 0.722 seconds (process running for 65.227)
2024-09-25 18:26:43.247 INFO  [bfsm,org.springframework.boot.devtools.autoconfigure.ConditionEvaluationDeltaLoggingListener, onApplicationEvent, ConditionEvaluationDeltaLoggingListener.java:63] o.s.b.d.a.ConditionEvaluationDeltaLoggingListener - Condition evaluation unchanged
2024-09-25 18:27:31.277 INFO  [bfsm,org.springframework.web.servlet.FrameworkServlet, initServletBean, FrameworkServlet.java:532] o.s.web.servlet.DispatcherServlet - Initializing Servlet 'dispatcherServlet'
2024-09-25 18:27:31.281 INFO  [bfsm,org.springframework.web.servlet.FrameworkServlet, initServletBean, FrameworkServlet.java:554] o.s.web.servlet.DispatcherServlet - Completed initialization in 3 ms
2024-09-25 18:27:31.469 INFO  [bfsm,br.com.bfsm.infra.security.TokenService, gerarToken, TokenService.java:38] b.c.bfsm.infra.security.TokenService - Token gerado com sucesso 
2024-09-25 18:27:31.586 INFO  [bfsm,br.com.bfsm.controller.MovimentacaoController, cadastrar, MovimentacaoController.java:45] b.c.b.c.MovimentacaoController - Valores recebidos: [Tipo] [Data] [Valor] [IdCliente]DadosCadastroMovimentacao[tipo=Credito, data=2024-09-20T14:30:44, valor=102, clienteId=1]
2024-09-25 18:27:31.667 INFO  [bfsm,br.com.bfsm.service.MovimentacoesService, salvarMovimentacao, MovimentacoesService.java:32] b.c.b.service.MovimentacoesService - Movimentação cadastrada com sucesso!
2024-09-25 18:27:59.804 INFO  [bfsm,org.springframework.boot.admin.SpringApplicationAdminMXBeanRegistrar$SpringApplicationAdmin, shutdown, SpringApplicationAdminMXBeanRegistrar.java:159] o.s.b.a.SpringApplicationAdminMXBeanRegistrar$SpringApplicationAdmin - Application shutdown requested.
2024-09-25 18:28:00.460 INFO  [bfsm,org.springframework.orm.jpa.AbstractEntityManagerFactoryBean, destroy, AbstractEntityManagerFactoryBean.java:650] o.s.o.j.LocalContainerEntityManagerFactoryBean - Closing JPA EntityManagerFactory for persistence unit 'default'
