2024-11-17 19:06:11.908 INFO  [bfsm,org.springframework.boot.StartupInfoLogger, logStarting, StartupInfoLogger.java:50] br.com.bfsm.BfsmApplication - Starting BfsmApplication using Java 17.0.11 with PID 52248 (C:\Users\goliveic\OneDrive - NTT DATA EMEAL\Java Intermediate\bfsm\bfsm\target\classes started by goliveic in C:\Users\goliveic\OneDrive - NTT DATA EMEAL\Java Intermediate\bfsm\bfsm)
2024-11-17 19:06:11.934 INFO  [bfsm,org.springframework.boot.SpringApplication, logStartupProfileInfo, SpringApplication.java:654] br.com.bfsm.BfsmApplication - No active profile set, falling back to 1 default profile: "default"
2024-11-17 19:06:12.009 INFO  [bfsm,org.springframework.boot.logging.DeferredLog, logTo, DeferredLog.java:252] o.s.b.d.e.DevToolsPropertyDefaultsPostProcessor - Devtools property defaults active! Set 'spring.devtools.add-properties' to 'false' to disable
2024-11-17 19:06:12.010 INFO  [bfsm,org.springframework.boot.logging.DeferredLog, logTo, DeferredLog.java:252] o.s.b.d.e.DevToolsPropertyDefaultsPostProcessor - For additional web related logging consider setting the 'logging.level.web' property to 'DEBUG'
2024-11-17 19:06:13.055 INFO  [bfsm,org.springframework.data.repository.config.RepositoryConfigurationDelegate, registerRepositoriesIn, RepositoryConfigurationDelegate.java:143] o.s.d.r.c.RepositoryConfigurationDelegate - Bootstrapping Spring Data JPA repositories in DEFAULT mode.
2024-11-17 19:06:13.125 INFO  [bfsm,org.springframework.data.repository.config.RepositoryConfigurationDelegate, registerRepositoriesIn, RepositoryConfigurationDelegate.java:211] o.s.d.r.c.RepositoryConfigurationDelegate - Finished Spring Data repository scanning in 62 ms. Found 6 JPA repository interfaces.
2024-11-17 19:06:13.854 INFO  [bfsm,org.springframework.boot.web.embedded.tomcat.TomcatWebServer, initialize, TomcatWebServer.java:111] o.s.b.w.e.tomcat.TomcatWebServer - Tomcat initialized with port 8080 (http)
2024-11-17 19:06:13.924 INFO  [bfsm,org.springframework.boot.web.servlet.context.ServletWebServerApplicationContext, prepareWebApplicationContext, ServletWebServerApplicationContext.java:296] o.s.b.w.s.c.ServletWebServerApplicationContext - Root WebApplicationContext: initialization completed in 1912 ms
2024-11-17 19:06:14.625 INFO  [bfsm,org.flywaydb.core.internal.logging.slf4j.Slf4jLog, info, Slf4jLog.java:37] org.flywaydb.core.FlywayExecutor - Database: jdbc:mysql://localhost:3306/bank (MySQL 8.0)
2024-11-17 19:06:14.763 INFO  [bfsm,org.flywaydb.core.internal.logging.slf4j.Slf4jLog, info, Slf4jLog.java:37] o.f.core.internal.command.DbValidate - Successfully validated 13 migrations (execution time 00:00.060s)
2024-11-17 19:06:14.780 INFO  [bfsm,org.flywaydb.core.internal.logging.slf4j.Slf4jLog, info, Slf4jLog.java:37] o.f.core.internal.command.DbMigrate - Current version of schema `bank`: 13
2024-11-17 19:06:14.786 INFO  [bfsm,org.flywaydb.core.internal.logging.slf4j.Slf4jLog, info, Slf4jLog.java:37] o.f.core.internal.command.DbMigrate - Schema `bank` is up to date. No migration necessary.
2024-11-17 19:06:14.892 INFO  [bfsm,org.hibernate.jpa.internal.util.LogHelper, logPersistenceUnitInformation, LogHelper.java:31] o.h.jpa.internal.util.LogHelper - HHH000204: Processing PersistenceUnitInfo [name: default]
2024-11-17 19:06:14.999 INFO  [bfsm,org.hibernate.Version, logVersion, Version.java:44] org.hibernate.Version - HHH000412: Hibernate ORM core version 6.5.2.Final
2024-11-17 19:06:15.049 INFO  [bfsm,org.hibernate.cache.internal.RegionFactoryInitiator, initiateService, RegionFactoryInitiator.java:50] o.h.c.i.RegionFactoryInitiator - HHH000026: Second-level cache disabled
2024-11-17 19:06:15.483 INFO  [bfsm,org.springframework.orm.jpa.persistenceunit.SpringPersistenceUnitInfo, addTransformer, SpringPersistenceUnitInfo.java:87] o.s.o.j.p.SpringPersistenceUnitInfo - No LoadTimeWeaver setup: ignoring JPA class transformer
2024-11-17 19:06:16.743 INFO  [bfsm,org.hibernate.engine.transaction.jta.platform.internal.JtaPlatformInitiator, initiateService, JtaPlatformInitiator.java:59] o.h.e.t.j.p.i.JtaPlatformInitiator - HHH000489: No JTA platform available (set 'hibernate.transaction.jta.platform' to enable JTA platform integration)
2024-11-17 19:06:16.747 INFO  [bfsm,org.springframework.orm.jpa.AbstractEntityManagerFactoryBean, buildNativeEntityManagerFactory, AbstractEntityManagerFactoryBean.java:437] o.s.o.j.LocalContainerEntityManagerFactoryBean - Initialized JPA EntityManagerFactory for persistence unit 'default'
2024-11-17 19:06:16.989 INFO  [bfsm,org.springframework.data.jpa.repository.query.QueryEnhancerFactory, <clinit>, QueryEnhancerFactory.java:49] o.s.d.j.r.query.QueryEnhancerFactory - Hibernate is in classpath; If applicable, HQL parser will be used.
2024-11-17 19:06:17.385 INFO  [bfsm,org.springframework.security.config.annotation.authentication.configuration.InitializeUserDetailsBeanManagerConfigurer$InitializeUserDetailsManagerConfigurer, configure, InitializeUserDetailsBeanManagerConfigurer.java:113] o.s.s.c.a.a.c.InitializeUserDetailsBeanManagerConfigurer$InitializeUserDetailsManagerConfigurer - Global AuthenticationManager configured with UserDetailsService bean with name autenticacaoService
2024-11-17 19:06:17.576 WARN  [bfsm,org.springframework.boot.autoconfigure.orm.jpa.JpaBaseConfiguration$JpaWebConfiguration, openEntityManagerInViewInterceptor, JpaBaseConfiguration.java:236] o.s.b.a.o.j.JpaBaseConfiguration$JpaWebConfiguration - spring.jpa.open-in-view is enabled by default. Therefore, database queries may be performed during view rendering. Explicitly configure spring.jpa.open-in-view to disable this warning
2024-11-17 19:06:18.379 INFO  [bfsm,org.springframework.boot.devtools.autoconfigure.OptionalLiveReloadServer, startServer, OptionalLiveReloadServer.java:59] o.s.b.d.a.OptionalLiveReloadServer - LiveReload server is running on port 35729
2024-11-17 19:06:18.448 INFO  [bfsm,org.springframework.boot.web.embedded.tomcat.TomcatWebServer, start, TomcatWebServer.java:243] o.s.b.w.e.tomcat.TomcatWebServer - Tomcat started on port 8080 (http) with context path '/'
2024-11-17 19:06:18.462 INFO  [bfsm,org.springframework.boot.StartupInfoLogger, logStarted, StartupInfoLogger.java:56] br.com.bfsm.BfsmApplication - Started BfsmApplication in 7.488 seconds (process running for 9.923)
2024-11-17 19:06:45.053 INFO  [bfsm,org.springframework.web.servlet.FrameworkServlet, initServletBean, FrameworkServlet.java:532] o.s.web.servlet.DispatcherServlet - Initializing Servlet 'dispatcherServlet'
2024-11-17 19:06:45.055 INFO  [bfsm,org.springframework.web.servlet.FrameworkServlet, initServletBean, FrameworkServlet.java:554] o.s.web.servlet.DispatcherServlet - Completed initialization in 1 ms
2024-11-17 19:06:46.029 INFO  [bfsm,org.springdoc.api.AbstractOpenApiResource, getOpenApi, AbstractOpenApiResource.java:371] o.s.api.AbstractOpenApiResource - Init duration for springdoc-openapi is: 293 ms
2024-11-17 19:06:48.071 INFO  [bfsm,br.com.bfsm.infra.security.TokenService, gerarToken, TokenService.java:38] b.c.bfsm.infra.security.TokenService - Token gerado com sucesso 
2024-11-17 19:07:28.139 INFO  [bfsm,br.com.bfsm.service.UsuarioService, cadastrarUsuario, UsuarioService.java:123] br.com.bfsm.service.UsuarioService - Verificando se o login TESTE C existe
2024-11-17 19:07:28.233 INFO  [bfsm,br.com.bfsm.service.UsuarioService, salvarUsuario, UsuarioService.java:46] br.com.bfsm.service.UsuarioService - Criando usuário: TESTE C
2024-11-17 19:07:28.380 INFO  [bfsm,br.com.bfsm.service.UsuarioService, salvarUsuario, UsuarioService.java:49] br.com.bfsm.service.UsuarioService - usuario cadastrado com sucesso!
2024-11-17 19:07:28.381 INFO  [bfsm,br.com.bfsm.service.UsuarioService, cadastrarUsuario, UsuarioService.java:130] br.com.bfsm.service.UsuarioService - o login TESTE C foi cadastrado
2024-11-17 19:08:41.177 INFO  [bfsm,br.com.bfsm.controller.UsuarioController, atualizar, UsuarioController.java:99] b.c.b.controller.UsuarioController - Valores recebidos: [Login] TESTE C
2024-11-17 19:08:41.446 INFO  [bfsm,br.com.bfsm.service.UsuarioService, atualizar, UsuarioService.java:108] br.com.bfsm.service.UsuarioService - usuario atualizado com sucesso!
2024-11-17 19:09:00.295 INFO  [bfsm,br.com.bfsm.controller.UsuarioController, buscar, UsuarioController.java:60] b.c.b.controller.UsuarioController - Iniciando busca do id: [id] 9
2024-11-17 19:09:00.304 INFO  [bfsm,br.com.bfsm.service.UsuarioService, buscarUsuarioPeloId, UsuarioService.java:66] br.com.bfsm.service.UsuarioService - O id: [id] 9 foi localizado
2024-11-17 19:09:04.548 INFO  [bfsm,br.com.bfsm.controller.UsuarioController, buscar, UsuarioController.java:60] b.c.b.controller.UsuarioController - Iniciando busca do id: [id] 11
2024-11-17 19:09:32.137 INFO  [bfsm,br.com.bfsm.controller.UsuarioController, remover, UsuarioController.java:78] b.c.b.controller.UsuarioController - Iniciando remocao do id: [id] 7
2024-11-17 19:09:32.179 INFO  [bfsm,br.com.bfsm.service.UsuarioService, removerPeloId, UsuarioService.java:87] br.com.bfsm.service.UsuarioService - remocao do id: [id] 7 efetuada com sucesso
2024-11-17 19:09:32.180 INFO  [bfsm,br.com.bfsm.controller.UsuarioController, remover, UsuarioController.java:83] b.c.b.controller.UsuarioController - remocao do id: [id] 7 efetuada com sucesso
2024-11-17 19:10:16.724 INFO  [bfsm,br.com.bfsm.controller.ClienteController, cadatrar, ClienteController.java:45] b.c.b.controller.ClienteController - Valores recebidos: CadastroCliente[nome=TESTE C, endereco=ABC, saldo=100, ativo=1]
2024-11-17 19:10:16.748 INFO  [bfsm,br.com.bfsm.service.ClienteService, salvar, ClienteService.java:30] br.com.bfsm.service.ClienteService - cliente cadastrado com sucesso!
2024-11-17 19:10:49.064 INFO  [bfsm,br.com.bfsm.controller.ClienteController, buscar, ClienteController.java:63] b.c.b.controller.ClienteController - Iniciando busca do id: [id] 10
2024-11-17 19:10:49.082 INFO  [bfsm,br.com.bfsm.controller.ClienteController, buscar, ClienteController.java:67] b.c.b.controller.ClienteController - O id: [id] 10 foi localizado
2024-11-17 19:11:02.768 INFO  [bfsm,br.com.bfsm.controller.ClienteController, remover, ClienteController.java:85] b.c.b.controller.ClienteController - Iniciando remocao do id: [id] 10
2024-11-17 19:11:02.797 INFO  [bfsm,br.com.bfsm.controller.ClienteController, remover, ClienteController.java:90] b.c.b.controller.ClienteController - remocao do id: [id] 10 efetuada com sucesso
2024-11-17 19:12:42.807 WARN  [bfsm,org.springframework.web.servlet.handler.AbstractHandlerExceptionResolver, logException, AbstractHandlerExceptionResolver.java:247] o.s.w.s.m.m.a.ExceptionHandlerExceptionResolver - Resolved [org.springframework.http.converter.HttpMessageNotReadableException: JSON parse error: Unrecognized token 'EUR': was expecting (JSON String, Number, Array, Object or token 'null', 'true' or 'false')]
2024-11-17 19:12:55.171 WARN  [bfsm,org.springframework.web.servlet.handler.AbstractHandlerExceptionResolver, logException, AbstractHandlerExceptionResolver.java:247] o.s.w.s.m.m.a.ExceptionHandlerExceptionResolver - Resolved [org.springframework.http.converter.HttpMessageNotReadableException: JSON parse error: Cannot deserialize value of type `java.time.LocalDateTime` from String "2024-11-17 13:16:32": Failed to deserialize java.time.LocalDateTime: (java.time.format.DateTimeParseException) Text '2024-11-17 13:16:32' could not be parsed at index 4]
2024-11-17 19:13:34.065 INFO  [bfsm,br.com.bfsm.controller.MovimentacaoController, cadastrar, MovimentacaoController.java:71] b.c.b.c.MovimentacaoController - Valores recebidos: []DadosCadastroMovimentacao[tipo=Credito, data=2024-11-17T13:16:32, valor=192, clienteAId=6, clienteBId=0, moedaId=2, categoriaId=2, ativo=true]
2024-11-17 19:13:34.108 INFO  [bfsm,br.com.bfsm.service.MovimentacoesService, salvarMovimentacao, MovimentacoesService.java:101] b.c.b.service.MovimentacoesService - Movimentação cadastrada com sucesso!
2024-11-17 19:14:52.427 INFO  [bfsm,br.com.bfsm.controller.MovimentacaoController, buscar, MovimentacaoController.java:105] b.c.b.c.MovimentacaoController - Iniciando busca do id: [id] 34
2024-11-17 19:14:52.441 INFO  [bfsm,br.com.bfsm.controller.MovimentacaoController, buscar, MovimentacaoController.java:110] b.c.b.c.MovimentacaoController - O id: [id] 34 foi localizado
2024-11-17 19:15:49.852 INFO  [bfsm,br.com.bfsm.controller.MovimentacaoController, buscar, MovimentacaoController.java:105] b.c.b.c.MovimentacaoController - Iniciando busca do id: [id] 36
2024-11-17 19:15:49.865 INFO  [bfsm,br.com.bfsm.controller.MovimentacaoController, buscar, MovimentacaoController.java:110] b.c.b.c.MovimentacaoController - O id: [id] 36 foi localizado
2024-11-17 19:17:24.079 INFO  [bfsm,br.com.bfsm.controller.MovimentacaoController, atualizar, MovimentacaoController.java:148] b.c.b.c.MovimentacaoController - Valores recebidos: [nome] [endereco] AtualizarMovimentacao[id=37, tipo=Debito, data=2024-11-16T13:16:32, valor=130, clienteAId=6, clienteBId=0, moedaId=1, categoriaId=3]
2024-11-17 19:17:24.081 WARN  [bfsm,org.springframework.web.servlet.handler.AbstractHandlerExceptionResolver, logException, AbstractHandlerExceptionResolver.java:247] o.s.w.s.m.m.a.ExceptionHandlerExceptionResolver - Resolved [java.lang.NullPointerException: Cannot invoke "br.com.bfsm.domain.cliente.Cliente.setId(java.lang.Long)" because "this.cliente" is null]
2024-11-17 19:18:48.936 INFO  [bfsm,br.com.bfsm.controller.MovimentacaoController, atualizar, MovimentacaoController.java:148] b.c.b.c.MovimentacaoController - Valores recebidos: [nome] [endereco] AtualizarMovimentacao[id=37, tipo=Debito, data=2024-11-16T13:16:32, valor=130, clienteAId=6, clienteBId=0, moedaId=1, categoriaId=3]
2024-11-17 19:18:48.941 WARN  [bfsm,org.springframework.web.servlet.handler.AbstractHandlerExceptionResolver, logException, AbstractHandlerExceptionResolver.java:247] o.s.w.s.m.m.a.ExceptionHandlerExceptionResolver - Resolved [java.lang.NullPointerException: Cannot invoke "br.com.bfsm.domain.cliente.Cliente.setId(java.lang.Long)" because "this.cliente" is null]
2024-11-17 19:19:17.095 INFO  [bfsm,br.com.bfsm.controller.MovimentacaoController, atualizar, MovimentacaoController.java:148] b.c.b.c.MovimentacaoController - Valores recebidos: [nome] [endereco] AtualizarMovimentacao[id=37, tipo=Debito, data=2024-11-16T13:16:32, valor=130, clienteAId=6, clienteBId=0, moedaId=1, categoriaId=3]
2024-11-17 19:21:59.282 INFO  [bfsm,org.springframework.boot.devtools.autoconfigure.LocalDevToolsAutoConfiguration$RestartingClassPathChangeChangedEventListener, onApplicationEvent, LocalDevToolsAutoConfiguration.java:211] o.s.b.d.a.LocalDevToolsAutoConfiguration$RestartingClassPathChangeChangedEventListener - Restarting due to 14 class path changes (0 additions, 0 deletions, 14 modifications)
2024-11-17 19:22:07.401 INFO  [bfsm,org.springframework.boot.StartupInfoLogger, logStarting, StartupInfoLogger.java:50] br.com.bfsm.BfsmApplication - Starting BfsmApplication using Java 17.0.11 with PID 46668 (C:\Users\goliveic\OneDrive - NTT DATA EMEAL\Java Intermediate\bfsm\bfsm\target\classes started by goliveic in C:\Users\goliveic\OneDrive - NTT DATA EMEAL\Java Intermediate\bfsm\bfsm)
2024-11-17 19:22:07.404 INFO  [bfsm,org.springframework.boot.SpringApplication, logStartupProfileInfo, SpringApplication.java:654] br.com.bfsm.BfsmApplication - No active profile set, falling back to 1 default profile: "default"
2024-11-17 19:22:07.461 INFO  [bfsm,org.springframework.boot.logging.DeferredLog, logTo, DeferredLog.java:252] o.s.b.d.e.DevToolsPropertyDefaultsPostProcessor - Devtools property defaults active! Set 'spring.devtools.add-properties' to 'false' to disable
2024-11-17 19:22:07.461 INFO  [bfsm,org.springframework.boot.logging.DeferredLog, logTo, DeferredLog.java:252] o.s.b.d.e.DevToolsPropertyDefaultsPostProcessor - For additional web related logging consider setting the 'logging.level.web' property to 'DEBUG'
2024-11-17 19:22:08.542 INFO  [bfsm,org.springframework.data.repository.config.RepositoryConfigurationDelegate, registerRepositoriesIn, RepositoryConfigurationDelegate.java:143] o.s.d.r.c.RepositoryConfigurationDelegate - Bootstrapping Spring Data JPA repositories in DEFAULT mode.
2024-11-17 19:22:08.687 INFO  [bfsm,org.springframework.data.repository.config.RepositoryConfigurationDelegate, registerRepositoriesIn, RepositoryConfigurationDelegate.java:211] o.s.d.r.c.RepositoryConfigurationDelegate - Finished Spring Data repository scanning in 112 ms. Found 6 JPA repository interfaces.
2024-11-17 19:22:09.365 INFO  [bfsm,org.springframework.boot.web.embedded.tomcat.TomcatWebServer, initialize, TomcatWebServer.java:111] o.s.b.w.e.tomcat.TomcatWebServer - Tomcat initialized with port 8080 (http)
2024-11-17 19:22:09.449 INFO  [bfsm,org.springframework.boot.web.servlet.context.ServletWebServerApplicationContext, prepareWebApplicationContext, ServletWebServerApplicationContext.java:296] o.s.b.w.s.c.ServletWebServerApplicationContext - Root WebApplicationContext: initialization completed in 1987 ms
2024-11-17 19:22:10.116 INFO  [bfsm,org.flywaydb.core.internal.logging.slf4j.Slf4jLog, info, Slf4jLog.java:37] org.flywaydb.core.FlywayExecutor - Database: jdbc:mysql://localhost:3306/bank (MySQL 8.0)
2024-11-17 19:22:10.213 INFO  [bfsm,org.flywaydb.core.internal.logging.slf4j.Slf4jLog, info, Slf4jLog.java:37] o.f.core.internal.command.DbValidate - Successfully validated 13 migrations (execution time 00:00.059s)
2024-11-17 19:22:10.235 INFO  [bfsm,org.flywaydb.core.internal.logging.slf4j.Slf4jLog, info, Slf4jLog.java:37] o.f.core.internal.command.DbMigrate - Current version of schema `bank`: 13
2024-11-17 19:22:10.241 INFO  [bfsm,org.flywaydb.core.internal.logging.slf4j.Slf4jLog, info, Slf4jLog.java:37] o.f.core.internal.command.DbMigrate - Schema `bank` is up to date. No migration necessary.
2024-11-17 19:22:10.375 INFO  [bfsm,org.hibernate.jpa.internal.util.LogHelper, logPersistenceUnitInformation, LogHelper.java:31] o.h.jpa.internal.util.LogHelper - HHH000204: Processing PersistenceUnitInfo [name: default]
2024-11-17 19:22:10.520 INFO  [bfsm,org.hibernate.Version, logVersion, Version.java:44] org.hibernate.Version - HHH000412: Hibernate ORM core version 6.5.2.Final
2024-11-17 19:22:10.585 INFO  [bfsm,org.hibernate.cache.internal.RegionFactoryInitiator, initiateService, RegionFactoryInitiator.java:50] o.h.c.i.RegionFactoryInitiator - HHH000026: Second-level cache disabled
2024-11-17 19:22:11.106 INFO  [bfsm,org.springframework.orm.jpa.persistenceunit.SpringPersistenceUnitInfo, addTransformer, SpringPersistenceUnitInfo.java:87] o.s.o.j.p.SpringPersistenceUnitInfo - No LoadTimeWeaver setup: ignoring JPA class transformer
2024-11-17 19:22:13.452 INFO  [bfsm,org.hibernate.engine.transaction.jta.platform.internal.JtaPlatformInitiator, initiateService, JtaPlatformInitiator.java:59] o.h.e.t.j.p.i.JtaPlatformInitiator - HHH000489: No JTA platform available (set 'hibernate.transaction.jta.platform' to enable JTA platform integration)
2024-11-17 19:22:13.459 INFO  [bfsm,org.springframework.orm.jpa.AbstractEntityManagerFactoryBean, buildNativeEntityManagerFactory, AbstractEntityManagerFactoryBean.java:437] o.s.o.j.LocalContainerEntityManagerFactoryBean - Initialized JPA EntityManagerFactory for persistence unit 'default'
2024-11-17 19:22:14.028 INFO  [bfsm,org.springframework.data.jpa.repository.query.QueryEnhancerFactory, <clinit>, QueryEnhancerFactory.java:49] o.s.d.j.r.query.QueryEnhancerFactory - Hibernate is in classpath; If applicable, HQL parser will be used.
2024-11-17 19:22:14.516 INFO  [bfsm,org.springframework.security.config.annotation.authentication.configuration.InitializeUserDetailsBeanManagerConfigurer$InitializeUserDetailsManagerConfigurer, configure, InitializeUserDetailsBeanManagerConfigurer.java:113] o.s.s.c.a.a.c.InitializeUserDetailsBeanManagerConfigurer$InitializeUserDetailsManagerConfigurer - Global AuthenticationManager configured with UserDetailsService bean with name autenticacaoService
2024-11-17 19:22:14.851 WARN  [bfsm,org.springframework.boot.autoconfigure.orm.jpa.JpaBaseConfiguration$JpaWebConfiguration, openEntityManagerInViewInterceptor, JpaBaseConfiguration.java:236] o.s.b.a.o.j.JpaBaseConfiguration$JpaWebConfiguration - spring.jpa.open-in-view is enabled by default. Therefore, database queries may be performed during view rendering. Explicitly configure spring.jpa.open-in-view to disable this warning
2024-11-17 19:22:15.681 INFO  [bfsm,org.springframework.boot.devtools.autoconfigure.OptionalLiveReloadServer, startServer, OptionalLiveReloadServer.java:59] o.s.b.d.a.OptionalLiveReloadServer - LiveReload server is running on port 35729
2024-11-17 19:22:15.760 INFO  [bfsm,org.springframework.boot.web.embedded.tomcat.TomcatWebServer, start, TomcatWebServer.java:243] o.s.b.w.e.tomcat.TomcatWebServer - Tomcat started on port 8080 (http) with context path '/'
2024-11-17 19:22:15.778 INFO  [bfsm,org.springframework.boot.StartupInfoLogger, logStarted, StartupInfoLogger.java:56] br.com.bfsm.BfsmApplication - Started BfsmApplication in 9.214 seconds (process running for 10.744)
2024-11-17 19:22:18.170 INFO  [bfsm,org.springframework.web.servlet.FrameworkServlet, initServletBean, FrameworkServlet.java:532] o.s.web.servlet.DispatcherServlet - Initializing Servlet 'dispatcherServlet'
2024-11-17 19:22:18.172 INFO  [bfsm,org.springframework.web.servlet.FrameworkServlet, initServletBean, FrameworkServlet.java:554] o.s.web.servlet.DispatcherServlet - Completed initialization in 2 ms
2024-11-17 19:22:18.597 INFO  [bfsm,br.com.bfsm.controller.MovimentacaoController, atualizar, MovimentacaoController.java:148] b.c.b.c.MovimentacaoController - Valores recebidos: [nome] [endereco] AtualizarMovimentacao[id=37, tipo=Debito, data=2024-11-16T13:16:32, valor=130, clienteAId=6, clienteBId=0, moedaId=1, categoriaId=3]
2024-11-17 19:24:10.190 INFO  [bfsm,org.springframework.boot.devtools.autoconfigure.LocalDevToolsAutoConfiguration$RestartingClassPathChangeChangedEventListener, onApplicationEvent, LocalDevToolsAutoConfiguration.java:211] o.s.b.d.a.LocalDevToolsAutoConfiguration$RestartingClassPathChangeChangedEventListener - Restarting due to 1 class path change (0 additions, 0 deletions, 1 modification)
2024-11-17 19:24:15.265 INFO  [bfsm,org.springframework.orm.jpa.AbstractEntityManagerFactoryBean, destroy, AbstractEntityManagerFactoryBean.java:650] o.s.o.j.LocalContainerEntityManagerFactoryBean - Closing JPA EntityManagerFactory for persistence unit 'default'
2024-11-17 19:24:17.631 INFO  [bfsm,org.springframework.boot.StartupInfoLogger, logStarting, StartupInfoLogger.java:50] br.com.bfsm.BfsmApplication - Starting BfsmApplication using Java 17.0.11 with PID 46668 (C:\Users\goliveic\OneDrive - NTT DATA EMEAL\Java Intermediate\bfsm\bfsm\target\classes started by goliveic in C:\Users\goliveic\OneDrive - NTT DATA EMEAL\Java Intermediate\bfsm\bfsm)
2024-11-17 19:24:17.632 INFO  [bfsm,org.springframework.boot.SpringApplication, logStartupProfileInfo, SpringApplication.java:654] br.com.bfsm.BfsmApplication - No active profile set, falling back to 1 default profile: "default"
2024-11-17 19:24:17.922 INFO  [bfsm,org.springframework.data.repository.config.RepositoryConfigurationDelegate, registerRepositoriesIn, RepositoryConfigurationDelegate.java:143] o.s.d.r.c.RepositoryConfigurationDelegate - Bootstrapping Spring Data JPA repositories in DEFAULT mode.
2024-11-17 19:24:17.952 INFO  [bfsm,org.springframework.data.repository.config.RepositoryConfigurationDelegate, registerRepositoriesIn, RepositoryConfigurationDelegate.java:211] o.s.d.r.c.RepositoryConfigurationDelegate - Finished Spring Data repository scanning in 30 ms. Found 6 JPA repository interfaces.
2024-11-17 19:24:18.069 INFO  [bfsm,org.springframework.boot.web.embedded.tomcat.TomcatWebServer, initialize, TomcatWebServer.java:111] o.s.b.w.e.tomcat.TomcatWebServer - Tomcat initialized with port 8080 (http)
2024-11-17 19:24:18.089 INFO  [bfsm,org.springframework.boot.web.servlet.context.ServletWebServerApplicationContext, prepareWebApplicationContext, ServletWebServerApplicationContext.java:296] o.s.b.w.s.c.ServletWebServerApplicationContext - Root WebApplicationContext: initialization completed in 453 ms
2024-11-17 19:24:18.142 INFO  [bfsm,org.flywaydb.core.internal.logging.slf4j.Slf4jLog, info, Slf4jLog.java:37] org.flywaydb.core.FlywayExecutor - Database: jdbc:mysql://localhost:3306/bank (MySQL 8.0)
2024-11-17 19:24:18.171 INFO  [bfsm,org.flywaydb.core.internal.logging.slf4j.Slf4jLog, info, Slf4jLog.java:37] o.f.core.internal.command.DbValidate - Successfully validated 13 migrations (execution time 00:00.019s)
2024-11-17 19:24:18.181 INFO  [bfsm,org.flywaydb.core.internal.logging.slf4j.Slf4jLog, info, Slf4jLog.java:37] o.f.core.internal.command.DbMigrate - Current version of schema `bank`: 13
2024-11-17 19:24:18.182 INFO  [bfsm,org.flywaydb.core.internal.logging.slf4j.Slf4jLog, info, Slf4jLog.java:37] o.f.core.internal.command.DbMigrate - Schema `bank` is up to date. No migration necessary.
2024-11-17 19:24:18.205 INFO  [bfsm,org.hibernate.jpa.internal.util.LogHelper, logPersistenceUnitInformation, LogHelper.java:31] o.h.jpa.internal.util.LogHelper - HHH000204: Processing PersistenceUnitInfo [name: default]
2024-11-17 19:24:18.208 INFO  [bfsm,org.hibernate.cache.internal.RegionFactoryInitiator, initiateService, RegionFactoryInitiator.java:50] o.h.c.i.RegionFactoryInitiator - HHH000026: Second-level cache disabled
2024-11-17 19:24:18.220 INFO  [bfsm,org.springframework.orm.jpa.persistenceunit.SpringPersistenceUnitInfo, addTransformer, SpringPersistenceUnitInfo.java:87] o.s.o.j.p.SpringPersistenceUnitInfo - No LoadTimeWeaver setup: ignoring JPA class transformer
2024-11-17 19:24:18.394 INFO  [bfsm,org.hibernate.engine.transaction.jta.platform.internal.JtaPlatformInitiator, initiateService, JtaPlatformInitiator.java:59] o.h.e.t.j.p.i.JtaPlatformInitiator - HHH000489: No JTA platform available (set 'hibernate.transaction.jta.platform' to enable JTA platform integration)
2024-11-17 19:24:18.395 INFO  [bfsm,org.springframework.orm.jpa.AbstractEntityManagerFactoryBean, buildNativeEntityManagerFactory, AbstractEntityManagerFactoryBean.java:437] o.s.o.j.LocalContainerEntityManagerFactoryBean - Initialized JPA EntityManagerFactory for persistence unit 'default'
2024-11-17 19:24:18.516 INFO  [bfsm,org.springframework.security.config.annotation.authentication.configuration.InitializeUserDetailsBeanManagerConfigurer$InitializeUserDetailsManagerConfigurer, configure, InitializeUserDetailsBeanManagerConfigurer.java:113] o.s.s.c.a.a.c.InitializeUserDetailsBeanManagerConfigurer$InitializeUserDetailsManagerConfigurer - Global AuthenticationManager configured with UserDetailsService bean with name autenticacaoService
2024-11-17 19:24:18.920 WARN  [bfsm,org.springframework.boot.autoconfigure.orm.jpa.JpaBaseConfiguration$JpaWebConfiguration, openEntityManagerInViewInterceptor, JpaBaseConfiguration.java:236] o.s.b.a.o.j.JpaBaseConfiguration$JpaWebConfiguration - spring.jpa.open-in-view is enabled by default. Therefore, database queries may be performed during view rendering. Explicitly configure spring.jpa.open-in-view to disable this warning
2024-11-17 19:24:19.093 INFO  [bfsm,org.springframework.boot.devtools.autoconfigure.OptionalLiveReloadServer, startServer, OptionalLiveReloadServer.java:59] o.s.b.d.a.OptionalLiveReloadServer - LiveReload server is running on port 35729
2024-11-17 19:24:19.107 INFO  [bfsm,org.springframework.boot.web.embedded.tomcat.TomcatWebServer, start, TomcatWebServer.java:243] o.s.b.w.e.tomcat.TomcatWebServer - Tomcat started on port 8080 (http) with context path '/'
2024-11-17 19:24:19.116 INFO  [bfsm,org.springframework.boot.StartupInfoLogger, logStarted, StartupInfoLogger.java:56] br.com.bfsm.BfsmApplication - Started BfsmApplication in 1.533 seconds (process running for 134.081)
2024-11-17 19:24:19.119 INFO  [bfsm,org.springframework.boot.devtools.autoconfigure.ConditionEvaluationDeltaLoggingListener, onApplicationEvent, ConditionEvaluationDeltaLoggingListener.java:63] o.s.b.d.a.ConditionEvaluationDeltaLoggingListener - Condition evaluation unchanged
2024-11-17 19:24:22.789 INFO  [bfsm,org.springframework.web.servlet.FrameworkServlet, initServletBean, FrameworkServlet.java:532] o.s.web.servlet.DispatcherServlet - Initializing Servlet 'dispatcherServlet'
2024-11-17 19:24:22.791 INFO  [bfsm,org.springframework.web.servlet.FrameworkServlet, initServletBean, FrameworkServlet.java:554] o.s.web.servlet.DispatcherServlet - Completed initialization in 2 ms
2024-11-17 19:24:22.865 INFO  [bfsm,br.com.bfsm.controller.MovimentacaoController, atualizar, MovimentacaoController.java:148] b.c.b.c.MovimentacaoController - Valores recebidos: [nome] [endereco] AtualizarMovimentacao[id=37, tipo=Debito, data=2024-11-16T13:16:32, valor=130, clienteAId=6, clienteBId=0, moedaId=1, categoriaId=3]
2024-11-17 19:24:35.047 WARN  [bfsm,org.springframework.web.servlet.handler.AbstractHandlerExceptionResolver, logException, AbstractHandlerExceptionResolver.java:247] o.s.w.s.m.m.a.ExceptionHandlerExceptionResolver - Resolved [java.lang.NullPointerException]
2024-11-17 19:24:46.935 ERROR [bfsm,br.com.bfsm.service.MovimentacoesService, atualizar, MovimentacoesService.java:311] b.c.b.service.MovimentacoesService - Erro para atualizar movimentacao: Unable to find br.com.bfsm.domain.cliente.Cliente with id 37
2024-11-17 19:25:18.454 INFO  [bfsm,org.springframework.boot.devtools.autoconfigure.LocalDevToolsAutoConfiguration$RestartingClassPathChangeChangedEventListener, onApplicationEvent, LocalDevToolsAutoConfiguration.java:211] o.s.b.d.a.LocalDevToolsAutoConfiguration$RestartingClassPathChangeChangedEventListener - Restarting due to 1 class path change (0 additions, 0 deletions, 1 modification)
2024-11-17 19:25:18.497 INFO  [bfsm,org.springframework.orm.jpa.AbstractEntityManagerFactoryBean, destroy, AbstractEntityManagerFactoryBean.java:650] o.s.o.j.LocalContainerEntityManagerFactoryBean - Closing JPA EntityManagerFactory for persistence unit 'default'
2024-11-17 19:25:18.599 INFO  [bfsm,org.springframework.boot.StartupInfoLogger, logStarting, StartupInfoLogger.java:50] br.com.bfsm.BfsmApplication - Starting BfsmApplication using Java 17.0.11 with PID 46668 (C:\Users\goliveic\OneDrive - NTT DATA EMEAL\Java Intermediate\bfsm\bfsm\target\classes started by goliveic in C:\Users\goliveic\OneDrive - NTT DATA EMEAL\Java Intermediate\bfsm\bfsm)
2024-11-17 19:25:18.599 INFO  [bfsm,org.springframework.boot.SpringApplication, logStartupProfileInfo, SpringApplication.java:654] br.com.bfsm.BfsmApplication - No active profile set, falling back to 1 default profile: "default"
2024-11-17 19:25:18.815 INFO  [bfsm,org.springframework.data.repository.config.RepositoryConfigurationDelegate, registerRepositoriesIn, RepositoryConfigurationDelegate.java:143] o.s.d.r.c.RepositoryConfigurationDelegate - Bootstrapping Spring Data JPA repositories in DEFAULT mode.
2024-11-17 19:25:18.837 INFO  [bfsm,org.springframework.data.repository.config.RepositoryConfigurationDelegate, registerRepositoriesIn, RepositoryConfigurationDelegate.java:211] o.s.d.r.c.RepositoryConfigurationDelegate - Finished Spring Data repository scanning in 22 ms. Found 6 JPA repository interfaces.
2024-11-17 19:25:18.923 INFO  [bfsm,org.springframework.boot.web.embedded.tomcat.TomcatWebServer, initialize, TomcatWebServer.java:111] o.s.b.w.e.tomcat.TomcatWebServer - Tomcat initialized with port 8080 (http)
2024-11-17 19:25:18.939 INFO  [bfsm,org.springframework.boot.web.servlet.context.ServletWebServerApplicationContext, prepareWebApplicationContext, ServletWebServerApplicationContext.java:296] o.s.b.w.s.c.ServletWebServerApplicationContext - Root WebApplicationContext: initialization completed in 338 ms
2024-11-17 19:25:18.982 INFO  [bfsm,org.flywaydb.core.internal.logging.slf4j.Slf4jLog, info, Slf4jLog.java:37] org.flywaydb.core.FlywayExecutor - Database: jdbc:mysql://localhost:3306/bank (MySQL 8.0)
2024-11-17 19:25:19.000 INFO  [bfsm,org.flywaydb.core.internal.logging.slf4j.Slf4jLog, info, Slf4jLog.java:37] o.f.core.internal.command.DbValidate - Successfully validated 13 migrations (execution time 00:00.012s)
2024-11-17 19:25:19.013 INFO  [bfsm,org.flywaydb.core.internal.logging.slf4j.Slf4jLog, info, Slf4jLog.java:37] o.f.core.internal.command.DbMigrate - Current version of schema `bank`: 13
2024-11-17 19:25:19.014 INFO  [bfsm,org.flywaydb.core.internal.logging.slf4j.Slf4jLog, info, Slf4jLog.java:37] o.f.core.internal.command.DbMigrate - Schema `bank` is up to date. No migration necessary.
2024-11-17 19:25:19.031 INFO  [bfsm,org.hibernate.jpa.internal.util.LogHelper, logPersistenceUnitInformation, LogHelper.java:31] o.h.jpa.internal.util.LogHelper - HHH000204: Processing PersistenceUnitInfo [name: default]
2024-11-17 19:25:19.033 INFO  [bfsm,org.hibernate.cache.internal.RegionFactoryInitiator, initiateService, RegionFactoryInitiator.java:50] o.h.c.i.RegionFactoryInitiator - HHH000026: Second-level cache disabled
2024-11-17 19:25:19.039 INFO  [bfsm,org.springframework.orm.jpa.persistenceunit.SpringPersistenceUnitInfo, addTransformer, SpringPersistenceUnitInfo.java:87] o.s.o.j.p.SpringPersistenceUnitInfo - No LoadTimeWeaver setup: ignoring JPA class transformer
2024-11-17 19:25:19.165 INFO  [bfsm,org.hibernate.engine.transaction.jta.platform.internal.JtaPlatformInitiator, initiateService, JtaPlatformInitiator.java:59] o.h.e.t.j.p.i.JtaPlatformInitiator - HHH000489: No JTA platform available (set 'hibernate.transaction.jta.platform' to enable JTA platform integration)
2024-11-17 19:25:19.165 INFO  [bfsm,org.springframework.orm.jpa.AbstractEntityManagerFactoryBean, buildNativeEntityManagerFactory, AbstractEntityManagerFactoryBean.java:437] o.s.o.j.LocalContainerEntityManagerFactoryBean - Initialized JPA EntityManagerFactory for persistence unit 'default'
2024-11-17 19:25:19.205 INFO  [bfsm,org.springframework.security.config.annotation.authentication.configuration.InitializeUserDetailsBeanManagerConfigurer$InitializeUserDetailsManagerConfigurer, configure, InitializeUserDetailsBeanManagerConfigurer.java:113] o.s.s.c.a.a.c.InitializeUserDetailsBeanManagerConfigurer$InitializeUserDetailsManagerConfigurer - Global AuthenticationManager configured with UserDetailsService bean with name autenticacaoService
2024-11-17 19:25:19.360 WARN  [bfsm,org.springframework.boot.autoconfigure.orm.jpa.JpaBaseConfiguration$JpaWebConfiguration, openEntityManagerInViewInterceptor, JpaBaseConfiguration.java:236] o.s.b.a.o.j.JpaBaseConfiguration$JpaWebConfiguration - spring.jpa.open-in-view is enabled by default. Therefore, database queries may be performed during view rendering. Explicitly configure spring.jpa.open-in-view to disable this warning
2024-11-17 19:25:19.493 INFO  [bfsm,org.springframework.boot.devtools.autoconfigure.OptionalLiveReloadServer, startServer, OptionalLiveReloadServer.java:59] o.s.b.d.a.OptionalLiveReloadServer - LiveReload server is running on port 35729
2024-11-17 19:25:19.506 INFO  [bfsm,org.springframework.boot.web.embedded.tomcat.TomcatWebServer, start, TomcatWebServer.java:243] o.s.b.w.e.tomcat.TomcatWebServer - Tomcat started on port 8080 (http) with context path '/'
2024-11-17 19:25:19.511 INFO  [bfsm,org.springframework.boot.StartupInfoLogger, logStarted, StartupInfoLogger.java:56] br.com.bfsm.BfsmApplication - Started BfsmApplication in 0.947 seconds (process running for 194.477)
2024-11-17 19:25:19.515 INFO  [bfsm,org.springframework.boot.devtools.autoconfigure.ConditionEvaluationDeltaLoggingListener, onApplicationEvent, ConditionEvaluationDeltaLoggingListener.java:63] o.s.b.d.a.ConditionEvaluationDeltaLoggingListener - Condition evaluation unchanged
2024-11-17 19:25:22.052 INFO  [bfsm,org.springframework.web.servlet.FrameworkServlet, initServletBean, FrameworkServlet.java:532] o.s.web.servlet.DispatcherServlet - Initializing Servlet 'dispatcherServlet'
2024-11-17 19:25:22.055 INFO  [bfsm,org.springframework.web.servlet.FrameworkServlet, initServletBean, FrameworkServlet.java:554] o.s.web.servlet.DispatcherServlet - Completed initialization in 2 ms
2024-11-17 19:25:22.121 INFO  [bfsm,br.com.bfsm.controller.MovimentacaoController, atualizar, MovimentacaoController.java:148] b.c.b.c.MovimentacaoController - Valores recebidos: [nome] [endereco] AtualizarMovimentacao[id=37, tipo=Debito, data=2024-11-16T13:16:32, valor=130, clienteAId=6, clienteBId=0, moedaId=1, categoriaId=3]
2024-11-17 19:25:28.803 INFO  [bfsm,br.com.bfsm.service.MovimentacoesService, atualizar, MovimentacoesService.java:304] b.c.b.service.MovimentacoesService - Movimentacao atualizado com sucesso!
