2024-09-23 14:53:10.024 INFO  [bfsm,org.springframework.boot.StartupInfoLogger, logStarting, StartupInfoLogger.java:50] br.com.bfsm.BfsmApplication - Starting BfsmApplication using Java 17.0.11 with PID 19880 (C:\Users\goliveic\OneDrive - NTT DATA EMEAL\Java Intermediate\bfsm\bfsm\target\classes started by goliveic in C:\Users\goliveic\OneDrive - NTT DATA EMEAL\Java Intermediate\bfsm\bfsm)
2024-09-23 14:53:10.035 INFO  [bfsm,org.springframework.boot.SpringApplication, logStartupProfileInfo, SpringApplication.java:654] br.com.bfsm.BfsmApplication - No active profile set, falling back to 1 default profile: "default"
2024-09-23 14:53:10.106 INFO  [bfsm,org.springframework.boot.logging.DeferredLog, logTo, DeferredLog.java:252] o.s.b.d.e.DevToolsPropertyDefaultsPostProcessor - Devtools property defaults active! Set 'spring.devtools.add-properties' to 'false' to disable
2024-09-23 14:53:10.107 INFO  [bfsm,org.springframework.boot.logging.DeferredLog, logTo, DeferredLog.java:252] o.s.b.d.e.DevToolsPropertyDefaultsPostProcessor - For additional web related logging consider setting the 'logging.level.web' property to 'DEBUG'
2024-09-23 14:53:10.914 INFO  [bfsm,org.springframework.data.repository.config.RepositoryConfigurationDelegate, registerRepositoriesIn, RepositoryConfigurationDelegate.java:143] o.s.d.r.c.RepositoryConfigurationDelegate - Bootstrapping Spring Data JPA repositories in DEFAULT mode.
2024-09-23 14:53:10.984 INFO  [bfsm,org.springframework.data.repository.config.RepositoryConfigurationDelegate, registerRepositoriesIn, RepositoryConfigurationDelegate.java:211] o.s.d.r.c.RepositoryConfigurationDelegate - Finished Spring Data repository scanning in 59 ms. Found 3 JPA repository interfaces.
2024-09-23 14:53:11.571 INFO  [bfsm,org.springframework.boot.web.embedded.tomcat.TomcatWebServer, initialize, TomcatWebServer.java:111] o.s.b.w.e.tomcat.TomcatWebServer - Tomcat initialized with port 8080 (http)
2024-09-23 14:53:11.660 INFO  [bfsm,org.springframework.boot.web.servlet.context.ServletWebServerApplicationContext, prepareWebApplicationContext, ServletWebServerApplicationContext.java:296] o.s.b.w.s.c.ServletWebServerApplicationContext - Root WebApplicationContext: initialization completed in 1552 ms
2024-09-23 14:53:12.246 INFO  [bfsm,org.hibernate.jpa.internal.util.LogHelper, logPersistenceUnitInformation, LogHelper.java:31] o.h.jpa.internal.util.LogHelper - HHH000204: Processing PersistenceUnitInfo [name: default]
2024-09-23 14:53:12.299 INFO  [bfsm,org.hibernate.Version, logVersion, Version.java:44] org.hibernate.Version - HHH000412: Hibernate ORM core version 6.5.2.Final
2024-09-23 14:53:12.346 INFO  [bfsm,org.hibernate.cache.internal.RegionFactoryInitiator, initiateService, RegionFactoryInitiator.java:50] o.h.c.i.RegionFactoryInitiator - HHH000026: Second-level cache disabled
2024-09-23 14:53:12.689 INFO  [bfsm,org.springframework.orm.jpa.persistenceunit.SpringPersistenceUnitInfo, addTransformer, SpringPersistenceUnitInfo.java:87] o.s.o.j.p.SpringPersistenceUnitInfo - No LoadTimeWeaver setup: ignoring JPA class transformer
2024-09-23 14:53:13.508 INFO  [bfsm,org.hibernate.metamodel.internal.EntityInstantiatorPojoStandard, resolveConstructor, EntityInstantiatorPojoStandard.java:53] o.h.m.i.EntityInstantiatorPojoStandard - HHH000182: No default (no-argument) constructor for class: br.com.bfsm.model.Movimentacoes (class must be instantiated by Interceptor)
2024-09-23 14:53:13.699 INFO  [bfsm,org.hibernate.engine.transaction.jta.platform.internal.JtaPlatformInitiator, initiateService, JtaPlatformInitiator.java:59] o.h.e.t.j.p.i.JtaPlatformInitiator - HHH000489: No JTA platform available (set 'hibernate.transaction.jta.platform' to enable JTA platform integration)
2024-09-23 14:53:13.702 INFO  [bfsm,org.springframework.orm.jpa.AbstractEntityManagerFactoryBean, buildNativeEntityManagerFactory, AbstractEntityManagerFactoryBean.java:437] o.s.o.j.LocalContainerEntityManagerFactoryBean - Initialized JPA EntityManagerFactory for persistence unit 'default'
2024-09-23 14:53:13.923 INFO  [bfsm,org.springframework.data.jpa.repository.query.QueryEnhancerFactory, <clinit>, QueryEnhancerFactory.java:49] o.s.d.j.r.query.QueryEnhancerFactory - Hibernate is in classpath; If applicable, HQL parser will be used.
2024-09-23 14:53:14.286 WARN  [bfsm,org.springframework.boot.autoconfigure.orm.jpa.JpaBaseConfiguration$JpaWebConfiguration, openEntityManagerInViewInterceptor, JpaBaseConfiguration.java:236] o.s.b.a.o.j.JpaBaseConfiguration$JpaWebConfiguration - spring.jpa.open-in-view is enabled by default. Therefore, database queries may be performed during view rendering. Explicitly configure spring.jpa.open-in-view to disable this warning
2024-09-23 14:53:14.317 INFO  [bfsm,org.springframework.security.config.annotation.authentication.configuration.InitializeUserDetailsBeanManagerConfigurer$InitializeUserDetailsManagerConfigurer, configure, InitializeUserDetailsBeanManagerConfigurer.java:113] o.s.s.c.a.a.c.InitializeUserDetailsBeanManagerConfigurer$InitializeUserDetailsManagerConfigurer - Global AuthenticationManager configured with UserDetailsService bean with name inMemoryUserDetailsManager
2024-09-23 14:53:14.785 INFO  [bfsm,org.springframework.boot.devtools.autoconfigure.OptionalLiveReloadServer, startServer, OptionalLiveReloadServer.java:59] o.s.b.d.a.OptionalLiveReloadServer - LiveReload server is running on port 35729
2024-09-23 14:53:14.827 INFO  [bfsm,org.springframework.boot.web.embedded.tomcat.TomcatWebServer, start, TomcatWebServer.java:243] o.s.b.w.e.tomcat.TomcatWebServer - Tomcat started on port 8080 (http) with context path '/'
2024-09-23 14:53:14.836 INFO  [bfsm,org.springframework.boot.StartupInfoLogger, logStarted, StartupInfoLogger.java:56] br.com.bfsm.BfsmApplication - Started BfsmApplication in 5.332 seconds (process running for 6.456)
2024-09-23 15:01:45.575 INFO  [bfsm,org.springframework.boot.devtools.autoconfigure.LocalDevToolsAutoConfiguration$RestartingClassPathChangeChangedEventListener, onApplicationEvent, LocalDevToolsAutoConfiguration.java:211] o.s.b.d.a.LocalDevToolsAutoConfiguration$RestartingClassPathChangeChangedEventListener - Restarting due to 17 class path changes (3 additions, 1 deletion, 13 modifications)
2024-09-23 15:01:46.244 INFO  [bfsm,org.springframework.orm.jpa.AbstractEntityManagerFactoryBean, destroy, AbstractEntityManagerFactoryBean.java:650] o.s.o.j.LocalContainerEntityManagerFactoryBean - Closing JPA EntityManagerFactory for persistence unit 'default'
2024-09-23 15:01:46.339 INFO  [bfsm,org.springframework.boot.StartupInfoLogger, logStarting, StartupInfoLogger.java:50] br.com.bfsm.BfsmApplication - Starting BfsmApplication using Java 17.0.11 with PID 19880 (C:\Users\goliveic\OneDrive - NTT DATA EMEAL\Java Intermediate\bfsm\bfsm\target\classes started by goliveic in C:\Users\goliveic\OneDrive - NTT DATA EMEAL\Java Intermediate\bfsm\bfsm)
2024-09-23 15:01:46.339 INFO  [bfsm,org.springframework.boot.SpringApplication, logStartupProfileInfo, SpringApplication.java:654] br.com.bfsm.BfsmApplication - No active profile set, falling back to 1 default profile: "default"
2024-09-23 15:01:46.588 INFO  [bfsm,org.springframework.data.repository.config.RepositoryConfigurationDelegate, registerRepositoriesIn, RepositoryConfigurationDelegate.java:143] o.s.d.r.c.RepositoryConfigurationDelegate - Bootstrapping Spring Data JPA repositories in DEFAULT mode.
2024-09-23 15:01:46.606 INFO  [bfsm,org.springframework.data.repository.config.RepositoryConfigurationDelegate, registerRepositoriesIn, RepositoryConfigurationDelegate.java:211] o.s.d.r.c.RepositoryConfigurationDelegate - Finished Spring Data repository scanning in 16 ms. Found 3 JPA repository interfaces.
2024-09-23 15:01:47.417 INFO  [bfsm,org.springframework.boot.web.embedded.tomcat.TomcatWebServer, initialize, TomcatWebServer.java:111] o.s.b.w.e.tomcat.TomcatWebServer - Tomcat initialized with port 8080 (http)
2024-09-23 15:01:47.437 INFO  [bfsm,org.springframework.boot.web.servlet.context.ServletWebServerApplicationContext, prepareWebApplicationContext, ServletWebServerApplicationContext.java:296] o.s.b.w.s.c.ServletWebServerApplicationContext - Root WebApplicationContext: initialization completed in 1095 ms
2024-09-23 15:01:47.497 INFO  [bfsm,org.hibernate.jpa.internal.util.LogHelper, logPersistenceUnitInformation, LogHelper.java:31] o.h.jpa.internal.util.LogHelper - HHH000204: Processing PersistenceUnitInfo [name: default]
2024-09-23 15:01:47.501 INFO  [bfsm,org.hibernate.cache.internal.RegionFactoryInitiator, initiateService, RegionFactoryInitiator.java:50] o.h.c.i.RegionFactoryInitiator - HHH000026: Second-level cache disabled
2024-09-23 15:01:47.509 INFO  [bfsm,org.springframework.orm.jpa.persistenceunit.SpringPersistenceUnitInfo, addTransformer, SpringPersistenceUnitInfo.java:87] o.s.o.j.p.SpringPersistenceUnitInfo - No LoadTimeWeaver setup: ignoring JPA class transformer
2024-09-23 15:01:47.568 INFO  [bfsm,org.hibernate.metamodel.internal.EntityInstantiatorPojoStandard, resolveConstructor, EntityInstantiatorPojoStandard.java:53] o.h.m.i.EntityInstantiatorPojoStandard - HHH000182: No default (no-argument) constructor for class: br.com.bfsm.model.Movimentacoes (class must be instantiated by Interceptor)
2024-09-23 15:01:47.592 INFO  [bfsm,org.hibernate.engine.transaction.jta.platform.internal.JtaPlatformInitiator, initiateService, JtaPlatformInitiator.java:59] o.h.e.t.j.p.i.JtaPlatformInitiator - HHH000489: No JTA platform available (set 'hibernate.transaction.jta.platform' to enable JTA platform integration)
2024-09-23 15:01:47.593 INFO  [bfsm,org.springframework.orm.jpa.AbstractEntityManagerFactoryBean, buildNativeEntityManagerFactory, AbstractEntityManagerFactoryBean.java:437] o.s.o.j.LocalContainerEntityManagerFactoryBean - Initialized JPA EntityManagerFactory for persistence unit 'default'
2024-09-23 15:01:47.663 WARN  [bfsm,org.springframework.boot.autoconfigure.orm.jpa.JpaBaseConfiguration$JpaWebConfiguration, openEntityManagerInViewInterceptor, JpaBaseConfiguration.java:236] o.s.b.a.o.j.JpaBaseConfiguration$JpaWebConfiguration - spring.jpa.open-in-view is enabled by default. Therefore, database queries may be performed during view rendering. Explicitly configure spring.jpa.open-in-view to disable this warning
2024-09-23 15:01:47.672 INFO  [bfsm,org.springframework.security.config.annotation.authentication.configuration.InitializeUserDetailsBeanManagerConfigurer$InitializeUserDetailsManagerConfigurer, configure, InitializeUserDetailsBeanManagerConfigurer.java:113] o.s.s.c.a.a.c.InitializeUserDetailsBeanManagerConfigurer$InitializeUserDetailsManagerConfigurer - Global AuthenticationManager configured with UserDetailsService bean with name inMemoryUserDetailsManager
2024-09-23 15:01:47.803 INFO  [bfsm,org.springframework.boot.devtools.autoconfigure.OptionalLiveReloadServer, startServer, OptionalLiveReloadServer.java:59] o.s.b.d.a.OptionalLiveReloadServer - LiveReload server is running on port 35729
2024-09-23 15:01:47.820 INFO  [bfsm,org.springframework.boot.web.embedded.tomcat.TomcatWebServer, start, TomcatWebServer.java:243] o.s.b.w.e.tomcat.TomcatWebServer - Tomcat started on port 8080 (http) with context path '/'
2024-09-23 15:01:47.825 INFO  [bfsm,org.springframework.boot.StartupInfoLogger, logStarted, StartupInfoLogger.java:56] br.com.bfsm.BfsmApplication - Started BfsmApplication in 1.52 seconds (process running for 519.445)
2024-09-23 15:01:47.828 INFO  [bfsm,org.springframework.boot.devtools.autoconfigure.ConditionEvaluationDeltaLoggingListener, onApplicationEvent, ConditionEvaluationDeltaLoggingListener.java:63] o.s.b.d.a.ConditionEvaluationDeltaLoggingListener - Condition evaluation unchanged
2024-09-23 15:01:50.570 INFO  [bfsm,org.springframework.boot.StartupInfoLogger, logStarting, StartupInfoLogger.java:50] br.com.bfsm.BfsmApplication - Starting BfsmApplication using Java 17.0.11 with PID 24096 (C:\Users\goliveic\OneDrive - NTT DATA EMEAL\Java Intermediate\bfsm\bfsm\target\classes started by goliveic in C:\Users\goliveic\OneDrive - NTT DATA EMEAL\Java Intermediate\bfsm\bfsm)
2024-09-23 15:01:50.574 INFO  [bfsm,org.springframework.boot.SpringApplication, logStartupProfileInfo, SpringApplication.java:654] br.com.bfsm.BfsmApplication - No active profile set, falling back to 1 default profile: "default"
2024-09-23 15:01:50.623 INFO  [bfsm,org.springframework.boot.logging.DeferredLog, logTo, DeferredLog.java:252] o.s.b.d.e.DevToolsPropertyDefaultsPostProcessor - Devtools property defaults active! Set 'spring.devtools.add-properties' to 'false' to disable
2024-09-23 15:01:50.624 INFO  [bfsm,org.springframework.boot.logging.DeferredLog, logTo, DeferredLog.java:252] o.s.b.d.e.DevToolsPropertyDefaultsPostProcessor - For additional web related logging consider setting the 'logging.level.web' property to 'DEBUG'
2024-09-23 15:01:51.321 INFO  [bfsm,org.springframework.data.repository.config.RepositoryConfigurationDelegate, registerRepositoriesIn, RepositoryConfigurationDelegate.java:143] o.s.d.r.c.RepositoryConfigurationDelegate - Bootstrapping Spring Data JPA repositories in DEFAULT mode.
2024-09-23 15:01:51.380 INFO  [bfsm,org.springframework.data.repository.config.RepositoryConfigurationDelegate, registerRepositoriesIn, RepositoryConfigurationDelegate.java:211] o.s.d.r.c.RepositoryConfigurationDelegate - Finished Spring Data repository scanning in 50 ms. Found 3 JPA repository interfaces.
2024-09-23 15:01:51.840 INFO  [bfsm,org.springframework.boot.web.embedded.tomcat.TomcatWebServer, initialize, TomcatWebServer.java:111] o.s.b.w.e.tomcat.TomcatWebServer - Tomcat initialized with port 8080 (http)
2024-09-23 15:01:51.896 INFO  [bfsm,org.springframework.boot.web.servlet.context.ServletWebServerApplicationContext, prepareWebApplicationContext, ServletWebServerApplicationContext.java:296] o.s.b.w.s.c.ServletWebServerApplicationContext - Root WebApplicationContext: initialization completed in 1271 ms
2024-09-23 15:01:52.313 INFO  [bfsm,org.hibernate.jpa.internal.util.LogHelper, logPersistenceUnitInformation, LogHelper.java:31] o.h.jpa.internal.util.LogHelper - HHH000204: Processing PersistenceUnitInfo [name: default]
2024-09-23 15:01:52.366 INFO  [bfsm,org.hibernate.Version, logVersion, Version.java:44] org.hibernate.Version - HHH000412: Hibernate ORM core version 6.5.2.Final
2024-09-23 15:01:52.412 INFO  [bfsm,org.hibernate.cache.internal.RegionFactoryInitiator, initiateService, RegionFactoryInitiator.java:50] o.h.c.i.RegionFactoryInitiator - HHH000026: Second-level cache disabled
2024-09-23 15:01:52.685 INFO  [bfsm,org.springframework.orm.jpa.persistenceunit.SpringPersistenceUnitInfo, addTransformer, SpringPersistenceUnitInfo.java:87] o.s.o.j.p.SpringPersistenceUnitInfo - No LoadTimeWeaver setup: ignoring JPA class transformer
2024-09-23 15:01:53.353 INFO  [bfsm,org.hibernate.metamodel.internal.EntityInstantiatorPojoStandard, resolveConstructor, EntityInstantiatorPojoStandard.java:53] o.h.m.i.EntityInstantiatorPojoStandard - HHH000182: No default (no-argument) constructor for class: br.com.bfsm.model.Movimentacoes (class must be instantiated by Interceptor)
2024-09-23 15:01:53.558 INFO  [bfsm,org.hibernate.engine.transaction.jta.platform.internal.JtaPlatformInitiator, initiateService, JtaPlatformInitiator.java:59] o.h.e.t.j.p.i.JtaPlatformInitiator - HHH000489: No JTA platform available (set 'hibernate.transaction.jta.platform' to enable JTA platform integration)
2024-09-23 15:01:53.562 INFO  [bfsm,org.springframework.orm.jpa.AbstractEntityManagerFactoryBean, buildNativeEntityManagerFactory, AbstractEntityManagerFactoryBean.java:437] o.s.o.j.LocalContainerEntityManagerFactoryBean - Initialized JPA EntityManagerFactory for persistence unit 'default'
2024-09-23 15:01:53.782 INFO  [bfsm,org.springframework.data.jpa.repository.query.QueryEnhancerFactory, <clinit>, QueryEnhancerFactory.java:49] o.s.d.j.r.query.QueryEnhancerFactory - Hibernate is in classpath; If applicable, HQL parser will be used.
2024-09-23 15:01:54.130 WARN  [bfsm,org.springframework.boot.autoconfigure.orm.jpa.JpaBaseConfiguration$JpaWebConfiguration, openEntityManagerInViewInterceptor, JpaBaseConfiguration.java:236] o.s.b.a.o.j.JpaBaseConfiguration$JpaWebConfiguration - spring.jpa.open-in-view is enabled by default. Therefore, database queries may be performed during view rendering. Explicitly configure spring.jpa.open-in-view to disable this warning
2024-09-23 15:01:54.157 INFO  [bfsm,org.springframework.security.config.annotation.authentication.configuration.InitializeUserDetailsBeanManagerConfigurer$InitializeUserDetailsManagerConfigurer, configure, InitializeUserDetailsBeanManagerConfigurer.java:113] o.s.s.c.a.a.c.InitializeUserDetailsBeanManagerConfigurer$InitializeUserDetailsManagerConfigurer - Global AuthenticationManager configured with UserDetailsService bean with name inMemoryUserDetailsManager
2024-09-23 15:01:54.626 INFO  [bfsm,org.springframework.boot.devtools.autoconfigure.OptionalLiveReloadServer, startServer, OptionalLiveReloadServer.java:59] o.s.b.d.a.OptionalLiveReloadServer - LiveReload server is running on port 35729
2024-09-23 15:01:54.666 INFO  [bfsm,org.springframework.boot.web.embedded.tomcat.TomcatWebServer, start, TomcatWebServer.java:243] o.s.b.w.e.tomcat.TomcatWebServer - Tomcat started on port 8080 (http) with context path '/'
2024-09-23 15:01:54.674 INFO  [bfsm,org.springframework.boot.StartupInfoLogger, logStarted, StartupInfoLogger.java:56] br.com.bfsm.BfsmApplication - Started BfsmApplication in 4.623 seconds (process running for 5.469)
2024-09-23 15:02:34.863 INFO  [bfsm,org.springframework.boot.devtools.autoconfigure.LocalDevToolsAutoConfiguration$RestartingClassPathChangeChangedEventListener, onApplicationEvent, LocalDevToolsAutoConfiguration.java:211] o.s.b.d.a.LocalDevToolsAutoConfiguration$RestartingClassPathChangeChangedEventListener - Restarting due to 6 class path changes (2 additions, 1 deletion, 3 modifications)
2024-09-23 15:02:35.527 INFO  [bfsm,org.springframework.orm.jpa.AbstractEntityManagerFactoryBean, destroy, AbstractEntityManagerFactoryBean.java:650] o.s.o.j.LocalContainerEntityManagerFactoryBean - Closing JPA EntityManagerFactory for persistence unit 'default'
2024-09-23 15:02:35.612 INFO  [bfsm,org.springframework.boot.StartupInfoLogger, logStarting, StartupInfoLogger.java:50] br.com.bfsm.BfsmApplication - Starting BfsmApplication using Java 17.0.11 with PID 24096 (C:\Users\goliveic\OneDrive - NTT DATA EMEAL\Java Intermediate\bfsm\bfsm\target\classes started by goliveic in C:\Users\goliveic\OneDrive - NTT DATA EMEAL\Java Intermediate\bfsm\bfsm)
2024-09-23 15:02:35.613 INFO  [bfsm,org.springframework.boot.SpringApplication, logStartupProfileInfo, SpringApplication.java:654] br.com.bfsm.BfsmApplication - No active profile set, falling back to 1 default profile: "default"
2024-09-23 15:02:35.790 INFO  [bfsm,org.springframework.data.repository.config.RepositoryConfigurationDelegate, registerRepositoriesIn, RepositoryConfigurationDelegate.java:143] o.s.d.r.c.RepositoryConfigurationDelegate - Bootstrapping Spring Data JPA repositories in DEFAULT mode.
2024-09-23 15:02:35.805 INFO  [bfsm,org.springframework.data.repository.config.RepositoryConfigurationDelegate, registerRepositoriesIn, RepositoryConfigurationDelegate.java:211] o.s.d.r.c.RepositoryConfigurationDelegate - Finished Spring Data repository scanning in 14 ms. Found 3 JPA repository interfaces.
2024-09-23 15:02:35.884 INFO  [bfsm,org.springframework.boot.web.embedded.tomcat.TomcatWebServer, initialize, TomcatWebServer.java:111] o.s.b.w.e.tomcat.TomcatWebServer - Tomcat initialized with port 8080 (http)
2024-09-23 15:02:35.900 INFO  [bfsm,org.springframework.boot.web.servlet.context.ServletWebServerApplicationContext, prepareWebApplicationContext, ServletWebServerApplicationContext.java:296] o.s.b.w.s.c.ServletWebServerApplicationContext - Root WebApplicationContext: initialization completed in 285 ms
2024-09-23 15:02:35.942 INFO  [bfsm,org.hibernate.jpa.internal.util.LogHelper, logPersistenceUnitInformation, LogHelper.java:31] o.h.jpa.internal.util.LogHelper - HHH000204: Processing PersistenceUnitInfo [name: default]
2024-09-23 15:02:35.944 INFO  [bfsm,org.hibernate.cache.internal.RegionFactoryInitiator, initiateService, RegionFactoryInitiator.java:50] o.h.c.i.RegionFactoryInitiator - HHH000026: Second-level cache disabled
2024-09-23 15:02:35.952 INFO  [bfsm,org.springframework.orm.jpa.persistenceunit.SpringPersistenceUnitInfo, addTransformer, SpringPersistenceUnitInfo.java:87] o.s.o.j.p.SpringPersistenceUnitInfo - No LoadTimeWeaver setup: ignoring JPA class transformer
2024-09-23 15:02:35.994 INFO  [bfsm,org.hibernate.metamodel.internal.EntityInstantiatorPojoStandard, resolveConstructor, EntityInstantiatorPojoStandard.java:53] o.h.m.i.EntityInstantiatorPojoStandard - HHH000182: No default (no-argument) constructor for class: br.com.bfsm.model.Movimentacoes (class must be instantiated by Interceptor)
2024-09-23 15:02:36.021 INFO  [bfsm,org.hibernate.engine.transaction.jta.platform.internal.JtaPlatformInitiator, initiateService, JtaPlatformInitiator.java:59] o.h.e.t.j.p.i.JtaPlatformInitiator - HHH000489: No JTA platform available (set 'hibernate.transaction.jta.platform' to enable JTA platform integration)
2024-09-23 15:02:36.022 INFO  [bfsm,org.springframework.orm.jpa.AbstractEntityManagerFactoryBean, buildNativeEntityManagerFactory, AbstractEntityManagerFactoryBean.java:437] o.s.o.j.LocalContainerEntityManagerFactoryBean - Initialized JPA EntityManagerFactory for persistence unit 'default'
2024-09-23 15:02:36.082 WARN  [bfsm,org.springframework.boot.autoconfigure.orm.jpa.JpaBaseConfiguration$JpaWebConfiguration, openEntityManagerInViewInterceptor, JpaBaseConfiguration.java:236] o.s.b.a.o.j.JpaBaseConfiguration$JpaWebConfiguration - spring.jpa.open-in-view is enabled by default. Therefore, database queries may be performed during view rendering. Explicitly configure spring.jpa.open-in-view to disable this warning
2024-09-23 15:02:36.086 INFO  [bfsm,org.springframework.security.config.annotation.authentication.configuration.InitializeUserDetailsBeanManagerConfigurer$InitializeUserDetailsManagerConfigurer, configure, InitializeUserDetailsBeanManagerConfigurer.java:113] o.s.s.c.a.a.c.InitializeUserDetailsBeanManagerConfigurer$InitializeUserDetailsManagerConfigurer - Global AuthenticationManager configured with UserDetailsService bean with name inMemoryUserDetailsManager
2024-09-23 15:02:36.266 INFO  [bfsm,org.springframework.boot.devtools.autoconfigure.OptionalLiveReloadServer, startServer, OptionalLiveReloadServer.java:59] o.s.b.d.a.OptionalLiveReloadServer - LiveReload server is running on port 35729
2024-09-23 15:02:36.282 INFO  [bfsm,org.springframework.boot.web.embedded.tomcat.TomcatWebServer, start, TomcatWebServer.java:243] o.s.b.w.e.tomcat.TomcatWebServer - Tomcat started on port 8080 (http) with context path '/'
2024-09-23 15:02:36.291 INFO  [bfsm,org.springframework.boot.StartupInfoLogger, logStarted, StartupInfoLogger.java:56] br.com.bfsm.BfsmApplication - Started BfsmApplication in 0.703 seconds (process running for 47.086)
2024-09-23 15:02:36.297 INFO  [bfsm,org.springframework.boot.devtools.autoconfigure.ConditionEvaluationDeltaLoggingListener, onApplicationEvent, ConditionEvaluationDeltaLoggingListener.java:63] o.s.b.d.a.ConditionEvaluationDeltaLoggingListener - Condition evaluation unchanged
2024-09-23 15:03:27.790 INFO  [bfsm,org.springframework.boot.devtools.autoconfigure.LocalDevToolsAutoConfiguration$RestartingClassPathChangeChangedEventListener, onApplicationEvent, LocalDevToolsAutoConfiguration.java:211] o.s.b.d.a.LocalDevToolsAutoConfiguration$RestartingClassPathChangeChangedEventListener - Restarting due to 7 class path changes (1 addition, 1 deletion, 5 modifications)
2024-09-23 15:03:28.449 INFO  [bfsm,org.springframework.orm.jpa.AbstractEntityManagerFactoryBean, destroy, AbstractEntityManagerFactoryBean.java:650] o.s.o.j.LocalContainerEntityManagerFactoryBean - Closing JPA EntityManagerFactory for persistence unit 'default'
2024-09-23 15:03:28.532 INFO  [bfsm,org.springframework.boot.StartupInfoLogger, logStarting, StartupInfoLogger.java:50] br.com.bfsm.BfsmApplication - Starting BfsmApplication using Java 17.0.11 with PID 24096 (C:\Users\goliveic\OneDrive - NTT DATA EMEAL\Java Intermediate\bfsm\bfsm\target\classes started by goliveic in C:\Users\goliveic\OneDrive - NTT DATA EMEAL\Java Intermediate\bfsm\bfsm)
2024-09-23 15:03:28.533 INFO  [bfsm,org.springframework.boot.SpringApplication, logStartupProfileInfo, SpringApplication.java:654] br.com.bfsm.BfsmApplication - No active profile set, falling back to 1 default profile: "default"
2024-09-23 15:03:28.699 INFO  [bfsm,org.springframework.data.repository.config.RepositoryConfigurationDelegate, registerRepositoriesIn, RepositoryConfigurationDelegate.java:143] o.s.d.r.c.RepositoryConfigurationDelegate - Bootstrapping Spring Data JPA repositories in DEFAULT mode.
2024-09-23 15:03:28.714 INFO  [bfsm,org.springframework.data.repository.config.RepositoryConfigurationDelegate, registerRepositoriesIn, RepositoryConfigurationDelegate.java:211] o.s.d.r.c.RepositoryConfigurationDelegate - Finished Spring Data repository scanning in 14 ms. Found 3 JPA repository interfaces.
2024-09-23 15:03:28.785 INFO  [bfsm,org.springframework.boot.web.embedded.tomcat.TomcatWebServer, initialize, TomcatWebServer.java:111] o.s.b.w.e.tomcat.TomcatWebServer - Tomcat initialized with port 8080 (http)
2024-09-23 15:03:28.801 INFO  [bfsm,org.springframework.boot.web.servlet.context.ServletWebServerApplicationContext, prepareWebApplicationContext, ServletWebServerApplicationContext.java:296] o.s.b.w.s.c.ServletWebServerApplicationContext - Root WebApplicationContext: initialization completed in 266 ms
2024-09-23 15:03:28.838 INFO  [bfsm,org.hibernate.jpa.internal.util.LogHelper, logPersistenceUnitInformation, LogHelper.java:31] o.h.jpa.internal.util.LogHelper - HHH000204: Processing PersistenceUnitInfo [name: default]
2024-09-23 15:03:28.841 INFO  [bfsm,org.hibernate.cache.internal.RegionFactoryInitiator, initiateService, RegionFactoryInitiator.java:50] o.h.c.i.RegionFactoryInitiator - HHH000026: Second-level cache disabled
2024-09-23 15:03:28.846 INFO  [bfsm,org.springframework.orm.jpa.persistenceunit.SpringPersistenceUnitInfo, addTransformer, SpringPersistenceUnitInfo.java:87] o.s.o.j.p.SpringPersistenceUnitInfo - No LoadTimeWeaver setup: ignoring JPA class transformer
2024-09-23 15:03:28.888 INFO  [bfsm,org.hibernate.metamodel.internal.EntityInstantiatorPojoStandard, resolveConstructor, EntityInstantiatorPojoStandard.java:53] o.h.m.i.EntityInstantiatorPojoStandard - HHH000182: No default (no-argument) constructor for class: br.com.bfsm.model.Movimentacoes (class must be instantiated by Interceptor)
